<?xml version="1.0" encoding="utf-8"?><testsuites name="pytest tests"><testsuite name="pytest" errors="0" failures="0" skipped="74" tests="148" time="19.501" timestamp="2026-09-03T09:36:46.168248-07:00" hostname="SHUQINGs-MacBook-Air.local"><testcase classname="tests.test_arch_tests" name="test_arch_test_generate_reference[I/add-01]" time="0.000"><skipped type="pytest.skip" message="set ARCH_TESTS_GENERATE_REF=1">${REPO_ROOT}/tests/test_arch_tests.py:385: set ARCH_TESTS_GENERATE_REF=1</skipped></testcase><testcase classname="tests.test_arch_tests" name="test_arch_test_generate_reference[I/addi-01]" time="0.000"><skipped type="pytest.skip" message="set ARCH_TESTS_GENERATE_REF=1">${REPO_ROOT}/tests/test_arch_tests.py:385: set ARCH_TESTS_GENERATE_REF=1</skipped></testcase><testcase classname="tests.test_arch_tests" name="test_arch_test_generate_reference[I/and-01]" time="0.000"><skipped type="pytest.skip" message="set ARCH_TESTS_GENERATE_REF=1">${REPO_ROOT}/tests/test_arch_tests.py:385: set ARCH_TESTS_GENERATE_REF=1</skipped></testcase><testcase classname="tests.test_arch_tests" name="test_arch_test_generate_reference[I/andi-01]" time="0.000"><skipped type="pytest.skip" message="set ARCH_TESTS_GENERATE_REF=1">${REPO_ROOT}/tests/test_arch_tests.py:385: set ARCH_TESTS_GENERATE_REF=1</skipped></testcase><testcase classname="tests.test_arch_tests" name="test_arch_test_generate_reference[I/auipc-01]" time="0.000"><skipped type="pytest.skip" message="set ARCH_TESTS_GENERATE_REF=1">${REPO_ROOT}/tests/test_arch_tests.py:385: set ARCH_TESTS_GENERATE_REF=1</skipped></testcase><testcase classname="tests.test_arch_tests" name="test_arch_test_generate_reference[I/beq-01]" time="0.000"><skipped type="pytest.skip" message="set ARCH_TESTS_GENERATE_REF=1">${REPO_ROOT}/tests/test_arch_tests.py:385: set ARCH_TESTS_GENERATE_REF=1</skipped></testcase><testcase classname="tests.test_arch_tests" name="test_arch_test_generate_reference[I/bge-01]" time="0.000"><skipped type="pytest.skip" message="set ARCH_TESTS_GENERATE_REF=1">${REPO_ROOT}/tests/test_arch_tests.py:385: set ARCH_TESTS_GENERATE_REF=1</skipped></testcase><testcase classname="tests.test_arch_tests" name="test_arch_test_generate_reference[I/bgeu-01]" time="0.000"><skipped type="pytest.skip" message="set ARCH_TESTS_GENERATE_REF=1">${REPO_ROOT}/tests/test_arch_tests.py:385: set ARCH_TESTS_GENERATE_REF=1</skipped></testcase><testcase classname="tests.test_arch_tests" name="test_arch_test_generate_reference[I/blt-01]" time="0.000"><skipped type="pytest.skip" message="set ARCH_TESTS_GENERATE_REF=1">${REPO_ROOT}/tests/test_arch_tests.py:385: set ARCH_TESTS_GENERATE_REF=1</skipped></testcase><testcase classname="tests.test_arch_tests" name="test_arch_test_generate_reference[I/bltu-01]" time="0.000"><skipped type="pytest.skip" message="set ARCH_TESTS_GENERATE_REF=1">${REPO_ROOT}/tests/test_arch_tests.py:385: set ARCH_TESTS_GENERATE_REF=1</skipped></testcase><testcase classname="tests.test_arch_tests" name="test_arch_test_generate_reference[I/bne-01]" time="0.000"><skipped type="pytest.skip" message="set ARCH_TESTS_GENERATE_REF=1">${REPO_ROOT}/tests/test_arch_tests.py:385: set ARCH_TESTS_GENERATE_REF=1</skipped></testcase><testcase classname="tests.test_arch_tests" name="test_arch_test_generate_reference[I/fence-01]" time="0.000"><skipped type="pytest.skip" message="set ARCH_TESTS_GENERATE_REF=1">${REPO_ROOT}/tests/test_arch_tests.py:385: set ARCH_TESTS_GENERATE_REF=1</skipped></testcase><testcase classname="tests.test_arch_tests" name="test_arch_test_generate_reference[I/jal-01]" time="0.000"><skipped type="pytest.skip" message="set ARCH_TESTS_GENERATE_REF=1">${REPO_ROOT}/tests/test_arch_tests.py:385: set ARCH_TESTS_GENERATE_REF=1</skipped></testcase><testcase classname="tests.test_arch_tests" name="test_arch_test_generate_reference[I/jalr-01]" time="0.000"><skipped type="pytest.skip" message="set ARCH_TESTS_GENERATE_REF=1">${REPO_ROOT}/tests/test_arch_tests.py:385: set ARCH_TESTS_GENERATE_REF=1</skipped></testcase><testcase classname="tests.test_arch_tests" name="test_arch_test_generate_reference[I/lb-align-01]" time="0.000"><skipped type="pytest.skip" message="set ARCH_TESTS_GENERATE_REF=1">${REPO_ROOT}/tests/test_arch_tests.py:385: set ARCH_TESTS_GENERATE_REF=1</skipped></testcase><testcase classname="tests.test_arch_tests" name="test_arch_test_generate_reference[I/lbu-align-01]" time="0.000"><skipped type="pytest.skip" message="set ARCH_TESTS_GENERATE_REF=1">${REPO_ROOT}/tests/test_arch_tests.py:385: set ARCH_TESTS_GENERATE_REF=1</skipped></testcase><testcase classname="tests.test_arch_tests" name="test_arch_test_generate_reference[I/lh-align-01]" time="0.000"><skipped type="pytest.skip" message="set ARCH_TESTS_GENERATE_REF=1">${REPO_ROOT}/tests/test_arch_tests.py:385: set ARCH_TESTS_GENERATE_REF=1</skipped></testcase><testcase classname="tests.test_arch_tests" name="test_arch_test_generate_reference[I/lhu-align-01]" time="0.000"><skipped type="pytest.skip" message="set ARCH_TESTS_GENERATE_REF=1">${REPO_ROOT}/tests/test_arch_tests.py:385: set ARCH_TESTS_GENERATE_REF=1</skipped></testcase><testcase classname="tests.test_arch_tests" name="test_arch_test_generate_reference[I/lui-01]" time="0.000"><skipped type="pytest.skip" message="set ARCH_TESTS_GENERATE_REF=1">${REPO_ROOT}/tests/test_arch_tests.py:385: set ARCH_TESTS_GENERATE_REF=1</skipped></testcase><testcase classname="tests.test_arch_tests" name="test_arch_test_generate_reference[I/lw-align-01]" time="0.000"><skipped type="pytest.skip" message="set ARCH_TESTS_GENERATE_REF=1">${REPO_ROOT}/tests/test_arch_tests.py:385: set ARCH_TESTS_GENERATE_REF=1</skipped></testcase><testcase classname="tests.test_arch_tests" name="test_arch_test_generate_reference[I/misalign1-jalr-01]" time="0.000"><skipped type="pytest.skip" message="set ARCH_TESTS_GENERATE_REF=1">${REPO_ROOT}/tests/test_arch_tests.py:385: set ARCH_TESTS_GENERATE_REF=1</skipped></testcase><testcase classname="tests.test_arch_tests" name="test_arch_test_generate_reference[I/or-01]" time="0.000"><skipped type="pytest.skip" message="set ARCH_TESTS_GENERATE_REF=1">${REPO_ROOT}/tests/test_arch_tests.py:385: set ARCH_TESTS_GENERATE_REF=1</skipped></testcase><testcase classname="tests.test_arch_tests" name="test_arch_test_generate_reference[I/ori-01]" time="0.000"><skipped type="pytest.skip" message="set ARCH_TESTS_GENERATE_REF=1">${REPO_ROOT}/tests/test_arch_tests.py:385: set ARCH_TESTS_GENERATE_REF=1</skipped></testcase><testcase classname="tests.test_arch_tests" name="test_arch_test_generate_reference[I/sb-align-01]" time="0.000"><skipped type="pytest.skip" message="set ARCH_TESTS_GENERATE_REF=1">${REPO_ROOT}/tests/test_arch_tests.py:385: set ARCH_TESTS_GENERATE_REF=1</skipped></testcase><testcase classname="tests.test_arch_tests" name="test_arch_test_generate_reference[I/sh-align-01]" time="0.000"><skipped type="pytest.skip" message="set ARCH_TESTS_GENERATE_REF=1">${REPO_ROOT}/tests/test_arch_tests.py:385: set ARCH_TESTS_GENERATE_REF=1</skipped></testcase><testcase classname="tests.test_arch_tests" name="test_arch_test_generate_reference[I/sll-01]" time="0.000"><skipped type="pytest.skip" message="set ARCH_TESTS_GENERATE_REF=1">${REPO_ROOT}/tests/test_arch_tests.py:385: set ARCH_TESTS_GENERATE_REF=1</skipped></testcase><testcase classname="tests.test_arch_tests" name="test_arch_test_generate_reference[I/slli-01]" time="0.000"><skipped type="pytest.skip" message="set ARCH_TESTS_GENERATE_REF=1">${REPO_ROOT}/tests/test_arch_tests.py:385: set ARCH_TESTS_GENERATE_REF=1</skipped></testcase><testcase classname="tests.test_arch_tests" name="test_arch_test_generate_reference[I/slt-01]" time="0.000"><skipped type="pytest.skip" message="set ARCH_TESTS_GENERATE_REF=1">${REPO_ROOT}/tests/test_arch_tests.py:385: set ARCH_TESTS_GENERATE_REF=1</skipped></testcase><testcase classname="tests.test_arch_tests" name="test_arch_test_generate_reference[I/slti-01]" time="0.000"><skipped type="pytest.skip" message="set ARCH_TESTS_GENERATE_REF=1">${REPO_ROOT}/tests/test_arch_tests.py:385: set ARCH_TESTS_GENERATE_REF=1</skipped></testcase><testcase classname="tests.test_arch_tests" name="test_arch_test_generate_reference[I/sltiu-01]" time="0.000"><skipped type="pytest.skip" message="set ARCH_TESTS_GENERATE_REF=1">${REPO_ROOT}/tests/test_arch_tests.py:385: set ARCH_TESTS_GENERATE_REF=1</skipped></testcase><testcase classname="tests.test_arch_tests" name="test_arch_test_generate_reference[I/sltu-01]" time="0.000"><skipped type="pytest.skip" message="set ARCH_TESTS_GENERATE_REF=1">${REPO_ROOT}/tests/test_arch_tests.py:385: set ARCH_TESTS_GENERATE_REF=1</skipped></testcase><testcase classname="tests.test_arch_tests" name="test_arch_test_generate_reference[I/sra-01]" time="0.000"><skipped type="pytest.skip" message="set ARCH_TESTS_GENERATE_REF=1">${REPO_ROOT}/tests/test_arch_tests.py:385: set ARCH_TESTS_GENERATE_REF=1</skipped></testcase><testcase classname="tests.test_arch_tests" name="test_arch_test_generate_reference[I/srai-01]" time="0.000"><skipped type="pytest.skip" message="set ARCH_TESTS_GENERATE_REF=1">${REPO_ROOT}/tests/test_arch_tests.py:385: set ARCH_TESTS_GENERATE_REF=1</skipped></testcase><testcase classname="tests.test_arch_tests" name="test_arch_test_generate_reference[I/srl-01]" time="0.000"><skipped type="pytest.skip" message="set ARCH_TESTS_GENERATE_REF=1">${REPO_ROOT}/tests/test_arch_tests.py:385: set ARCH_TESTS_GENERATE_REF=1</skipped></testcase><testcase classname="tests.test_arch_tests" name="test_arch_test_generate_reference[I/srli-01]" time="0.000"><skipped type="pytest.skip" message="set ARCH_TESTS_GENERATE_REF=1">${REPO_ROOT}/tests/test_arch_tests.py:385: set ARCH_TESTS_GENERATE_REF=1</skipped></testcase><testcase classname="tests.test_arch_tests" name="test_arch_test_generate_reference[I/sub-01]" time="0.000"><skipped type="pytest.skip" message="set ARCH_TESTS_GENERATE_REF=1">${REPO_ROOT}/tests/test_arch_tests.py:385: set ARCH_TESTS_GENERATE_REF=1</skipped></testcase><testcase classname="tests.test_arch_tests" name="test_arch_test_generate_reference[I/sw-align-01]" time="0.000"><skipped type="pytest.skip" message="set ARCH_TESTS_GENERATE_REF=1">${REPO_ROOT}/tests/test_arch_tests.py:385: set ARCH_TESTS_GENERATE_REF=1</skipped></testcase><testcase classname="tests.test_arch_tests" name="test_arch_test_generate_reference[I/xor-01]" time="0.000"><skipped type="pytest.skip" message="set ARCH_TESTS_GENERATE_REF=1">${REPO_ROOT}/tests/test_arch_tests.py:385: set ARCH_TESTS_GENERATE_REF=1</skipped></testcase><testcase classname="tests.test_arch_tests" name="test_arch_test_generate_reference[I/xori-01]" time="0.000"><skipped type="pytest.skip" message="set ARCH_TESTS_GENERATE_REF=1">${REPO_ROOT}/tests/test_arch_tests.py:385: set ARCH_TESTS_GENERATE_REF=1</skipped></testcase><testcase classname="tests.test_arch_tests" name="test_arch_test_generate_reference[M/div-01]" time="0.000"><skipped type="pytest.skip" message="set ARCH_TESTS_GENERATE_REF=1">${REPO_ROOT}/tests/test_arch_tests.py:385: set ARCH_TESTS_GENERATE_REF=1</skipped></testcase><testcase classname="tests.test_arch_tests" name="test_arch_test_generate_reference[M/divu-01]" time="0.000"><skipped type="pytest.skip" message="set ARCH_TESTS_GENERATE_REF=1">${REPO_ROOT}/tests/test_arch_tests.py:385: set ARCH_TESTS_GENERATE_REF=1</skipped></testcase><testcase classname="tests.test_arch_tests" name="test_arch_test_generate_reference[M/mul-01]" time="0.000"><skipped type="pytest.skip" message="set ARCH_TESTS_GENERATE_REF=1">${REPO_ROOT}/tests/test_arch_tests.py:385: set ARCH_TESTS_GENERATE_REF=1</skipped></testcase><testcase classname="tests.test_arch_tests" name="test_arch_test_generate_reference[M/mulh-01]" time="0.000"><skipped type="pytest.skip" message="set ARCH_TESTS_GENERATE_REF=1">${REPO_ROOT}/tests/test_arch_tests.py:385: set ARCH_TESTS_GENERATE_REF=1</skipped></testcase><testcase classname="tests.test_arch_tests" name="test_arch_test_generate_reference[M/mulhsu-01]" time="0.000"><skipped type="pytest.skip" message="set ARCH_TESTS_GENERATE_REF=1">${REPO_ROOT}/tests/test_arch_tests.py:385: set ARCH_TESTS_GENERATE_REF=1</skipped></testcase><testcase classname="tests.test_arch_tests" name="test_arch_test_generate_reference[M/mulhu-01]" time="0.000"><skipped type="pytest.skip" message="set ARCH_TESTS_GENERATE_REF=1">${REPO_ROOT}/tests/test_arch_tests.py:385: set ARCH_TESTS_GENERATE_REF=1</skipped></testcase><testcase classname="tests.test_arch_tests" name="test_arch_test_generate_reference[M/rem-01]" time="0.000"><skipped type="pytest.skip" message="set ARCH_TESTS_GENERATE_REF=1">${REPO_ROOT}/tests/test_arch_tests.py:385: set ARCH_TESTS_GENERATE_REF=1</skipped></testcase><testcase classname="tests.test_arch_tests" name="test_arch_test_generate_reference[M/remu-01]" time="0.000"><skipped type="pytest.skip" message="set ARCH_TESTS_GENERATE_REF=1">${REPO_ROOT}/tests/test_arch_tests.py:385: set ARCH_TESTS_GENERATE_REF=1</skipped></testcase><testcase classname="tests.test_arch_tests" name="test_arch_test_generate_reference[C/cadd-01]" time="0.000"><skipped type="pytest.skip" message="set ARCH_TESTS_GENERATE_REF=1">${REPO_ROOT}/tests/test_arch_tests.py:385: set ARCH_TESTS_GENERATE_REF=1</skipped></testcase><testcase classname="tests.test_arch_tests" name="test_arch_test_generate_reference[C/caddi-01]" time="0.000"><skipped type="pytest.skip" message="set ARCH_TESTS_GENERATE_REF=1">${REPO_ROOT}/tests/test_arch_tests.py:385: set ARCH_TESTS_GENERATE_REF=1</skipped></testcase><testcase classname="tests.test_arch_tests" name="test_arch_test_generate_reference[C/caddi16sp-01]" time="0.000"><skipped type="pytest.skip" message="set ARCH_TESTS_GENERATE_REF=1">${REPO_ROOT}/tests/test_arch_tests.py:385: set ARCH_TESTS_GENERATE_REF=1</skipped></testcase><testcase classname="tests.test_arch_tests" name="test_arch_test_generate_reference[C/caddi4spn-01]" time="0.000"><skipped type="pytest.skip" message="set ARCH_TESTS_GENERATE_REF=1">${REPO_ROOT}/tests/test_arch_tests.py:385: set ARCH_TESTS_GENERATE_REF=1</skipped></testcase><testcase classname="tests.test_arch_tests" name="test_arch_test_generate_reference[C/cand-01]" time="0.000"><skipped type="pytest.skip" message="set ARCH_TESTS_GENERATE_REF=1">${REPO_ROOT}/tests/test_arch_tests.py:385: set ARCH_TESTS_GENERATE_REF=1</skipped></testcase><testcase classname="tests.test_arch_tests" name="test_arch_test_generate_reference[C/candi-01]" time="0.000"><skipped type="pytest.skip" message="set ARCH_TESTS_GENERATE_REF=1">${REPO_ROOT}/tests/test_arch_tests.py:385: set ARCH_TESTS_GENERATE_REF=1</skipped></testcase><testcase classname="tests.test_arch_tests" name="test_arch_test_generate_reference[C/cbeqz-01]" time="0.000"><skipped type="pytest.skip" message="set ARCH_TESTS_GENERATE_REF=1">${REPO_ROOT}/tests/test_arch_tests.py:385: set ARCH_TESTS_GENERATE_REF=1</skipped></testcase><testcase classname="tests.test_arch_tests" name="test_arch_test_generate_reference[C/cbnez-01]" time="0.000"><skipped type="pytest.skip" message="set ARCH_TESTS_GENERATE_REF=1">${REPO_ROOT}/tests/test_arch_tests.py:385: set ARCH_TESTS_GENERATE_REF=1</skipped></testcase><testcase classname="tests.test_arch_tests" name="test_arch_test_generate_reference[C/cebreak-01]" time="0.000"><skipped type="pytest.skip" message="set ARCH_TESTS_GENERATE_REF=1">${REPO_ROOT}/tests/test_arch_tests.py:385: set ARCH_TESTS_GENERATE_REF=1</skipped></testcase><testcase classname="tests.test_arch_tests" name="test_arch_test_generate_reference[C/cj-01]" time="0.000"><skipped type="pytest.skip" message="set ARCH_TESTS_GENERATE_REF=1">${REPO_ROOT}/tests/test_arch_tests.py:385: set ARCH_TESTS_GENERATE_REF=1</skipped></testcase><testcase classname="tests.test_arch_tests" name="test_arch_test_generate_reference[C/cjal-01]" time="0.000"><skipped type="pytest.skip" message="set ARCH_TESTS_GENERATE_REF=1">${REPO_ROOT}/tests/test_arch_tests.py:385: set ARCH_TESTS_GENERATE_REF=1</skipped></testcase><testcase classname="tests.test_arch_tests" name="test_arch_test_generate_reference[C/cjalr-01]" time="0.000"><skipped type="pytest.skip" message="set ARCH_TESTS_GENERATE_REF=1">${REPO_ROOT}/tests/test_arch_tests.py:385: set ARCH_TESTS_GENERATE_REF=1</skipped></testcase><testcase classname="tests.test_arch_tests" name="test_arch_test_generate_reference[C/cjr-01]" time="0.000"><skipped type="pytest.skip" message="set ARCH_TESTS_GENERATE_REF=1">${REPO_ROOT}/tests/test_arch_tests.py:385: set ARCH_TESTS_GENERATE_REF=1</skipped></testcase><testcase classname="tests.test_arch_tests" name="test_arch_test_generate_reference[C/cli-01]" time="0.000"><skipped type="pytest.skip" message="set ARCH_TESTS_GENERATE_REF=1">${REPO_ROOT}/tests/test_arch_tests.py:385: set ARCH_TESTS_GENERATE_REF=1</skipped></testcase><testcase classname="tests.test_arch_tests" name="test_arch_test_generate_reference[C/clui-01]" time="0.000"><skipped type="pytest.skip" message="set ARCH_TESTS_GENERATE_REF=1">${REPO_ROOT}/tests/test_arch_tests.py:385: set ARCH_TESTS_GENERATE_REF=1</skipped></testcase><testcase classname="tests.test_arch_tests" name="test_arch_test_generate_reference[C/clw-01]" time="0.000"><skipped type="pytest.skip" message="set ARCH_TESTS_GENERATE_REF=1">${REPO_ROOT}/tests/test_arch_tests.py:385: set ARCH_TESTS_GENERATE_REF=1</skipped></testcase><testcase classname="tests.test_arch_tests" name="test_arch_test_generate_reference[C/clwsp-01]" time="0.000"><skipped type="pytest.skip" message="set ARCH_TESTS_GENERATE_REF=1">${REPO_ROOT}/tests/test_arch_tests.py:385: set ARCH_TESTS_GENERATE_REF=1</skipped></testcase><testcase classname="tests.test_arch_tests" name="test_arch_test_generate_reference[C/cmv-01]" time="0.000"><skipped type="pytest.skip" message="set ARCH_TESTS_GENERATE_REF=1">${REPO_ROOT}/tests/test_arch_tests.py:385: set ARCH_TESTS_GENERATE_REF=1</skipped></testcase><testcase classname="tests.test_arch_tests" name="test_arch_test_generate_reference[C/cnop-01]" time="0.000"><skipped type="pytest.skip" message="set ARCH_TESTS_GENERATE_REF=1">${REPO_ROOT}/tests/test_arch_tests.py:385: set ARCH_TESTS_GENERATE_REF=1</skipped></testcase><testcase classname="tests.test_arch_tests" name="test_arch_test_generate_reference[C/cor-01]" time="0.000"><skipped type="pytest.skip" message="set ARCH_TESTS_GENERATE_REF=1">${REPO_ROOT}/tests/test_arch_tests.py:385: set ARCH_TESTS_GENERATE_REF=1</skipped></testcase><testcase classname="tests.test_arch_tests" name="test_arch_test_generate_reference[C/cslli-01]" time="0.000"><skipped type="pytest.skip" message="set ARCH_TESTS_GENERATE_REF=1">${REPO_ROOT}/tests/test_arch_tests.py:385: set ARCH_TESTS_GENERATE_REF=1</skipped></testcase><testcase classname="tests.test_arch_tests" name="test_arch_test_generate_reference[C/csrai-01]" time="0.000"><skipped type="pytest.skip" message="set ARCH_TESTS_GENERATE_REF=1">${REPO_ROOT}/tests/test_arch_tests.py:385: set ARCH_TESTS_GENERATE_REF=1</skipped></testcase><testcase classname="tests.test_arch_tests" name="test_arch_test_generate_reference[C/csrli-01]" time="0.000"><skipped type="pytest.skip" message="set ARCH_TESTS_GENERATE_REF=1">${REPO_ROOT}/tests/test_arch_tests.py:385: set ARCH_TESTS_GENERATE_REF=1</skipped></testcase><testcase classname="tests.test_arch_tests" name="test_arch_test_generate_reference[C/csub-01]" time="0.000"><skipped type="pytest.skip" message="set ARCH_TESTS_GENERATE_REF=1">${REPO_ROOT}/tests/test_arch_tests.py:385: set ARCH_TESTS_GENERATE_REF=1</skipped></testcase><testcase classname="tests.test_arch_tests" name="test_arch_test_generate_reference[C/csw-01]" time="0.000"><skipped type="pytest.skip" message="set ARCH_TESTS_GENERATE_REF=1">${REPO_ROOT}/tests/test_arch_tests.py:385: set ARCH_TESTS_GENERATE_REF=1</skipped></testcase><testcase classname="tests.test_arch_tests" name="test_arch_test_generate_reference[C/cswsp-01]" time="0.000"><skipped type="pytest.skip" message="set ARCH_TESTS_GENERATE_REF=1">${REPO_ROOT}/tests/test_arch_tests.py:385: set ARCH_TESTS_GENERATE_REF=1</skipped></testcase><testcase classname="tests.test_arch_tests" name="test_arch_test_generate_reference[C/cxor-01]" time="0.000"><skipped type="pytest.skip" message="set ARCH_TESTS_GENERATE_REF=1">${REPO_ROOT}/tests/test_arch_tests.py:385: set ARCH_TESTS_GENERATE_REF=1</skipped></testcase><testcase classname="tests.test_arch_tests" name="test_arch_test_on_swap[I/add-01]" time="7.570" /><testcase classname="tests.test_arch_tests" name="test_arch_test_on_swap[I/addi-01]" time="0.164" /><testcase classname="tests.test_arch_tests" name="test_arch_test_on_swap[I/and-01]" time="0.164" /><testcase classname="tests.test_arch_tests" name="test_arch_test_on_swap[I/andi-01]" time="0.162" /><testcase classname="tests.test_arch_tests" name="test_arch_test_on_swap[I/auipc-01]" time="0.164" /><testcase classname="tests.test_arch_tests" name="test_arch_test_on_swap[I/beq-01]" time="0.167" /><testcase classname="tests.test_arch_tests" name="test_arch_test_on_swap[I/bge-01]" time="0.168" /><testcase classname="tests.test_arch_tests" name="test_arch_test_on_swap[I/bgeu-01]" time="0.163" /><testcase classname="tests.test_arch_tests" name="test_arch_test_on_swap[I/blt-01]" time="0.166" /><testcase classname="tests.test_arch_tests" name="test_arch_test_on_swap[I/bltu-01]" time="0.164" /><testcase classname="tests.test_arch_tests" name="test_arch_test_on_swap[I/bne-01]" time="0.160" /><testcase classname="tests.test_arch_tests" name="test_arch_test_on_swap[I/fence-01]" time="0.162" /><testcase classname="tests.test_arch_tests" name="test_arch_test_on_swap[I/jal-01]" time="0.165" /><testcase classname="tests.test_arch_tests" name="test_arch_test_on_swap[I/jalr-01]" time="0.163" /><testcase classname="tests.test_arch_tests" name="test_arch_test_on_swap[I/lb-align-01]" time="0.158" /><testcase classname="tests.test_arch_tests" name="test_arch_test_on_swap[I/lbu-align-01]" time="0.159" /><testcase classname="tests.test_arch_tests" name="test_arch_test_on_swap[I/lh-align-01]" time="0.160" /><testcase classname="tests.test_arch_tests" name="test_arch_test_on_swap[I/lhu-align-01]" time="0.164" /><testcase classname="tests.test_arch_tests" name="test_arch_test_on_swap[I/lui-01]" time="0.166" /><testcase classname="tests.test_arch_tests" name="test_arch_test_on_swap[I/lw-align-01]" time="0.159" /><testcase classname="tests.test_arch_tests" name="test_arch_test_on_swap[I/misalign1-jalr-01]" time="0.166" /><testcase classname="tests.test_arch_tests" name="test_arch_test_on_swap[I/or-01]" time="0.167" /><testcase classname="tests.test_arch_tests" name="test_arch_test_on_swap[I/ori-01]" time="0.162" /><testcase classname="tests.test_arch_tests" name="test_arch_test_on_swap[I/sb-align-01]" time="0.162" /><testcase classname="tests.test_arch_tests" name="test_arch_test_on_swap[I/sh-align-01]" time="0.160" /><testcase classname="tests.test_arch_tests" name="test_arch_test_on_swap[I/sll-01]" time="0.162" /><testcase classname="tests.test_arch_tests" name="test_arch_test_on_swap[I/slli-01]" time="0.165" /><testcase classname="tests.test_arch_tests" name="test_arch_test_on_swap[I/slt-01]" time="0.161" /><testcase classname="tests.test_arch_tests" name="test_arch_test_on_swap[I/slti-01]" time="0.162" /><testcase classname="tests.test_arch_tests" name="test_arch_test_on_swap[I/sltiu-01]" time="0.169" /><testcase classname="tests.test_arch_tests" name="test_arch_test_on_swap[I/sltu-01]" time="0.166" /><testcase classname="tests.test_arch_tests" name="test_arch_test_on_swap[I/sra-01]" time="0.157" /><testcase classname="tests.test_arch_tests" name="test_arch_test_on_swap[I/srai-01]" time="0.163" /><testcase classname="tests.test_arch_tests" name="test_arch_test_on_swap[I/srl-01]" time="0.160" /><testcase classname="tests.test_arch_tests" name="test_arch_test_on_swap[I/srli-01]" time="0.159" /><testcase classname="tests.test_arch_tests" name="test_arch_test_on_swap[I/sub-01]" time="0.165" /><testcase classname="tests.test_arch_tests" name="test_arch_test_on_swap[I/sw-align-01]" time="0.161" /><testcase classname="tests.test_arch_tests" name="test_arch_test_on_swap[I/xor-01]" time="0.165" /><testcase classname="tests.test_arch_tests" name="test_arch_test_on_swap[I/xori-01]" time="0.162" /><testcase classname="tests.test_arch_tests" name="test_arch_test_on_swap[M/div-01]" time="0.162" /><testcase classname="tests.test_arch_tests" name="test_arch_test_on_swap[M/divu-01]" time="0.168" /><testcase classname="tests.test_arch_tests" name="test_arch_test_on_swap[M/mul-01]" time="0.161" /><testcase classname="tests.test_arch_tests" name="test_arch_test_on_swap[M/mulh-01]" time="0.167" /><testcase classname="tests.test_arch_tests" name="test_arch_test_on_swap[M/mulhsu-01]" time="0.166" /><testcase classname="tests.test_arch_tests" name="test_arch_test_on_swap[M/mulhu-01]" time="0.163" /><testcase classname="tests.test_arch_tests" name="test_arch_test_on_swap[M/rem-01]" time="0.162" /><testcase classname="tests.test_arch_tests" name="test_arch_test_on_swap[M/remu-01]" time="0.166" /><testcase classname="tests.test_arch_tests" name="test_arch_test_on_swap[C/cadd-01]" time="0.162" /><testcase classname="tests.test_arch_tests" name="test_arch_test_on_swap[C/caddi-01]" time="0.165" /><testcase classname="tests.test_arch_tests" name="test_arch_test_on_swap[C/caddi16sp-01]" time="0.163" /><testcase classname="tests.test_arch_tests" name="test_arch_test_on_swap[C/caddi4spn-01]" time="0.164" /><testcase classname="tests.test_arch_tests" name="test_arch_test_on_swap[C/cand-01]" time="0.162" /><testcase classname="tests.test_arch_tests" name="test_arch_test_on_swap[C/candi-01]" time="0.163" /><testcase classname="tests.test_arch_tests" name="test_arch_test_on_swap[C/cbeqz-01]" time="0.164" /><testcase classname="tests.test_arch_tests" name="test_arch_test_on_swap[C/cbnez-01]" time="0.158" /><testcase classname="tests.test_arch_tests" name="test_arch_test_on_swap[C/cebreak-01]" time="0.162" /><testcase classname="tests.test_arch_tests" name="test_arch_test_on_swap[C/cj-01]" time="0.158" /><testcase classname="tests.test_arch_tests" name="test_arch_test_on_swap[C/cjal-01]" time="0.162" /><testcase classname="tests.test_arch_tests" name="test_arch_test_on_swap[C/cjalr-01]" time="0.159" /><testcase classname="tests.test_arch_tests" name="test_arch_test_on_swap[C/cjr-01]" time="0.160" /><testcase classname="tests.test_arch_tests" name="test_arch_test_on_swap[C/cli-01]" time="0.163" /><testcase classname="tests.test_arch_tests" name="test_arch_test_on_swap[C/clui-01]" time="0.162" /><testcase classname="tests.test_arch_tests" name="test_arch_test_on_swap[C/clw-01]" time="0.158" /><testcase classname="tests.test_arch_tests" name="test_arch_test_on_swap[C/clwsp-01]" time="0.162" /><testcase classname="tests.test_arch_tests" name="test_arch_test_on_swap[C/cmv-01]" time="0.159" /><testcase classname="tests.test_arch_tests" name="test_arch_test_on_swap[C/cnop-01]" time="0.162" /><testcase classname="tests.test_arch_tests" name="test_arch_test_on_swap[C/cor-01]" time="0.168" /><testcase classname="tests.test_arch_tests" name="test_arch_test_on_swap[C/cslli-01]" time="0.164" /><testcase classname="tests.test_arch_tests" name="test_arch_test_on_swap[C/csrai-01]" time="0.162" /><testcase classname="tests.test_arch_tests" name="test_arch_test_on_swap[C/csrli-01]" time="0.159" /><testcase classname="tests.test_arch_tests" name="test_arch_test_on_swap[C/csub-01]" time="0.163" /><testcase classname="tests.test_arch_tests" name="test_arch_test_on_swap[C/csw-01]" time="0.162" /><testcase classname="tests.test_arch_tests" name="test_arch_test_on_swap[C/cswsp-01]" time="0.158" /><testcase classname="tests.test_arch_tests" name="test_arch_test_on_swap[C/cxor-01]" time="0.167" /></testsuite></testsuites>