<?xml version="1.0" encoding="utf-8"?><testsuites name="pytest tests"><testsuite name="pytest" errors="0" failures="0" skipped="0" tests="10" time="6.918" timestamp="2026-09-03T09:36:39.063250-07:00" hostname="SHUQINGs-MacBook-Air.local"><testcase classname="tests.test_cpu_programs" name="test_cpu_program[timer_isr]" time="5.302" /><testcase classname="tests.test_cpu_programs" name="test_cpu_program[sw_isr]" time="0.156" /><testcase classname="tests.test_cpu_programs" name="test_cpu_program[ext_isr]" time="0.155" /><testcase classname="tests.test_cpu_programs" name="test_cpu_program[multictx_isr]" time="0.158" /><testcase classname="tests.test_cpu_programs" name="test_cpu_program[wfi_isr]" time="0.156" /><testcase classname="tests.test_cpu_programs" name="test_cpu_program[ecall_isr]" time="0.157" /><testcase classname="tests.test_cpu_programs" name="test_cpu_program[pmp_exec_isr]" time="0.155" /><testcase classname="tests.test_cpu_programs" name="test_cpu_program[pmp_load_isr]" time="0.159" /><testcase classname="tests.test_cpu_programs" name="test_cpu_program[pmp_misaligned_isr]" time="0.152" /><testcase classname="tests.test_cpu_programs" name="test_cpu_program[icache_bench]" time="0.336" /></testsuite></testsuites>