<?xml version="1.0" encoding="utf-8"?><testsuites name="pytest tests"><testsuite name="pytest" errors="0" failures="11" skipped="0" tests="11" time="7.117" timestamp="2026-09-03T08:53:31.186357-07:00" hostname="SHUQINGs-MacBook-Air.local"><testcase classname="tests.test_soc_lint" name="test_ibex_mini_soc_lints" time="0.855"><failure message="Failed: verilator --lint-only failed:&#10;CMD:&#10;  verilator --lint-only -Wall -Wno-UNUSEDSIGNAL -Wno-UNUSEDPARAM -Wno-PINMISSING -Wno-WIDTHEXPAND -Wno-IMPORTSTAR -Wno-DECLFILENAME -Wno-UNOPTFLAT --unroll-count 72 -f /private/var/folders/<tmp>/T/pytest-of-<user>/pytest-2/ibex_soc_build0/build/lowrisc_ibex_ibex_top_tracing_0.1/lint-verilator/lowrisc_ibex_ibex_top_tracing_0.1.stripped.vc --top-module ibex_mini_soc /private/var/folders/<tmp>/T/pytest-of-<user>/pytest-2/ibex_soc_build0/generated/clint_basic/ClintPkg.sv /private/var/folders/<tmp>/T/pytest-of-<user>/pytest-2/ibex_soc_build0/generated/clint_basic/Clint.sv /private/var/folders/<tmp>/T/pytest-of-<user>/pytest-2/ibex_soc_build0/generated/clint_basic/ClintLogic.sv /private/var/folders/<tmp>/T/pytest-of-<user>/pytest-2/ibex_soc_build0/generated/plic_multictx/PlicMultictxPkg.sv /private/var/folders/<tmp>/T/pytest-of-<user>/pytest-2/ibex_soc_build0/generated/plic_multictx/PlicMultictx.sv /private/var/folders/<tmp>/T/pytest-of-<user>/pytest-2/ibex_soc_build0/generated/plic_multictx/PlicMultictxLogic.sv /private/var/folders/<tmp>/T/pytest-of-<user>/pytest-2/ibex_soc_build0/generated/mtrap_ibex/MTrapIbexCsrFilePkg.sv /private/var/folders/<tmp>/T/pytest-of-<user>/pytest-2/ibex_soc_build0/generated/mtrap_ibex/MTrapIbexCsrAccess.sv /private/var/folders/<tmp>/T/pytest-of-<user>/pytest-2/ibex_soc_build0/generated/mtrap_ibex/MTrapIbexCsrFile.sv /private/var/folders/<tmp>/T/pytest-of-<user>/pytest-2/ibex_soc_build0/generated/mtrap_ibex/MTrapIbexCsrTrapCoord.sv ${REPO_ROOT}/soc/obi_to_axi_lite.sv ${REPO_ROOT}/soc/ibex_mini_soc.sv ${REPO_ROOT}/soc/ibex_cs_registers_hybrid.sv ~/github/ibex/shared/rtl/ram_2p.sv ~/github/ibex/shared/rtl/sim/simulator_ctrl.sv ${REPO_ROOT}/build/ibex_core_shared_pkg.sv ${REPO_ROOT}/build/fb_age_arb.sv ${REPO_ROOT}/build/ibex_alu.sv ${REPO_ROOT}/build/ibex_compressed_decoder.sv ${REPO_ROOT}/build/ibex_controller.sv ${REPO_ROOT}/build/ibex_core.sv ${REPO_ROOT}/build/ibex_counter.sv ${REPO_ROOT}/build/ibex_decoder.sv ${REPO_ROOT}/build/ibex_ex_block.sv ${REPO_ROOT}/build/ibex_fetch_fifo.sv ${REPO_ROOT}/build/ibex_icache.sv ${REPO_ROOT}/build/ibex_icache_output_stage.sv ${REPO_ROOT}/build/ibex_id_stage.sv ${REPO_ROOT}/build/ibex_if_stage.sv ${REPO_ROOT}/build/ibex_load_store_unit.sv ${REPO_ROOT}/build/ibex_multdiv_fast.sv ${REPO_ROOT}/build/ibex_pmp.sv ${REPO_ROOT}/build/ibex_prefetch_buffer.sv ${REPO_ROOT}/build/ibex_register_file_ff.sv ${REPO_ROOT}/build/ibex_top.sv ${REPO_ROOT}/build/ibex_wb_stage.sv ${REPO_ROOT}/build/inval_ctrl.sv ${REPO_ROOT}/build/ram_port_arb.sv&#10;STDERR:&#10;%Warning-PROCASSINIT: ${REPO_ROOT}/build/ibex_multdiv_fast.sv:102:27: Procedural assignment to declaration with initial value: '_t0_state'&#10;                                                                                                                                           : ... note: In instance 'ibex_mini_soc.u_ibex.u_ibex_top.u_ibex_core.ex_block_i.multdiv_i._threads'&#10;                                                                                                                                           : ... Location of variable initialization&#10;  102 |   logic [3:0] _t0_state = 0;&#10;      |                           ^&#10;                      ${REPO_ROOT}/build/ibex_multdiv_fast.sv:358:7: ... Location of variable process write&#10;                                                                                                                                          : ... Perhaps should initialize instead using a reset in this process&#10;  358 |       _t0_state &lt;= 0;&#10;      |       ^~~~~~~~~&#10;                      ... For warning description see https://verilator.org/warn/PROCASSINIT?v=5.048&#10;                      ... Use &quot;/* verilator lint_off PROCASSINIT */&quot; and lint_on around source to disable this message.&#10;%Warning-PROCASSINIT: ${REPO_ROOT}/build/ibex_multdiv_fast.sv:104:30: Procedural assignment to declaration with initial value: '_t0_loop_cnt'&#10;                                                                                                                                           : ... note: In instance 'ibex_mini_soc.u_ibex.u_ibex_top.u_ibex_core.ex_block_i.multdiv_i._threads'&#10;                                                                                                                                           : ... Location of variable initialization&#10;  104 |   logic [4:0] _t0_loop_cnt = 0;&#10;      |                              ^&#10;                      ${REPO_ROOT}/build/ibex_multdiv_fast.sv:440:7: ... Location of variable process write&#10;                                                                                                                                          : ... Perhaps should initialize instead using a reset in this process&#10;  440 |       _t0_loop_cnt &lt;= 0;&#10;      |       ^~~~~~~~~~~~&#10;%Warning-SYNCASYNCNET: ${REPO_ROOT}/soc/ibex_mini_soc.sv:67:16: Signal flopped as both synchronous and async: 'IO_RST_N'&#10;                       ${REPO_ROOT}/soc/ibex_mini_soc.sv:67:16: ... Location of async usage&#10;   67 |   input  logic IO_RST_N,&#10;      |                ^~~~~~~~&#10;                       ${REPO_ROOT}/soc/ibex_mini_soc.sv:67:16: ... Location of sync usage&#10;   67 |   input  logic IO_RST_N,&#10;      |                ^~~~~~~~&#10;                       ... For warning description see https://verilator.org/warn/SYNCASYNCNET?v=5.048&#10;                       ... Use &quot;/* verilator lint_off SYNCASYNCNET */&quot; and lint_on around source to disable this message.&#10;%Error: Exiting due to 3 warning(s)&#10;&#10;STDOUT:">verilator_bin = 'verilator'
ibex_soc_filelist = {'build_dir': PosixPath('/private/var/folders/<tmp>/T/pytest-of-<user>/pytest-2/ibex_...ibex_soc_build0/build/lowrisc_ibex_ibex_top_tracing_0.1/lint-verilator/lowrisc_ibex_ibex_top_tracing_0.1.stripped.vc')}

    def test_ibex_mini_soc_lints(
        verilator_bin: str,
        ibex_soc_filelist: dict,
    ) -&gt; None:
        vc_path: Path = ibex_soc_filelist["vc_path"]
        extra_sv: list[Path] = ibex_soc_filelist["extra_sv"]
        build_dir: Path = ibex_soc_filelist["build_dir"]
    
        cmd = [
            verilator_bin,
            "--lint-only",
            "-Wall",
            "-Wno-UNUSEDSIGNAL",   # Ibex ties a lot of observability ports off
            "-Wno-UNUSEDPARAM",
            "-Wno-PINMISSING",     # we don't connect every tracing port
            "-Wno-WIDTHEXPAND",    # $readmemh vs. sized vectors — benign
            "-Wno-IMPORTSTAR",     # arch-com emits `import Pkg::*;` at $unit
            "-Wno-DECLFILENAME",   # our in-tree Ibex forks keep upstream module names
            "-Wno-UNOPTFLAT",      # upstream ibex_ex_block.sv has an intended ALU↔multdiv
                                   # combinational loop on alu_adder_result_ext (the
                                   # multdiv shares the ALU's adder/comparator). With
                                   # the FSM-based multdiv Verilator's analysis
                                   # resolved it; the thread-based multdiv's nested
                                   # `_threads` submodule boundary makes Verilator
                                   # more conservative. The loop is functionally
                                   # identical and safe in practice.
            "--unroll-count", "72",  # required by prim_secded per Verilator#1266
            "-f", str(vc_path),
            "--top-module", "ibex_mini_soc",
        ]
        cmd.extend(str(p) for p in extra_sv)
    
        result = subprocess.run(
            cmd, cwd=str(build_dir),
            capture_output=True, text=True,
        )
        # Useful context on failure.
        if result.returncode != 0:
&gt;           pytest.fail(
                "verilator --lint-only failed:\n"
                f"CMD:\n  {' '.join(cmd)}\n"
                f"STDERR:\n{result.stderr}\nSTDOUT:\n{result.stdout}"
            )
E           Failed: verilator --lint-only failed:
E           CMD:
E             verilator --lint-only -Wall -Wno-UNUSEDSIGNAL -Wno-UNUSEDPARAM -Wno-PINMISSING -Wno-WIDTHEXPAND -Wno-IMPORTSTAR -Wno-DECLFILENAME -Wno-UNOPTFLAT --unroll-count 72 -f /private/var/folders/<tmp>/T/pytest-of-<user>/pytest-2/ibex_soc_build0/build/lowrisc_ibex_ibex_top_tracing_0.1/lint-verilator/lowrisc_ibex_ibex_top_tracing_0.1.stripped.vc --top-module ibex_mini_soc /private/var/folders/<tmp>/T/pytest-of-<user>/pytest-2/ibex_soc_build0/generated/clint_basic/ClintPkg.sv /private/var/folders/<tmp>/T/pytest-of-<user>/pytest-2/ibex_soc_build0/generated/clint_basic/Clint.sv /private/var/folders/<tmp>/T/pytest-of-<user>/pytest-2/ibex_soc_build0/generated/clint_basic/ClintLogic.sv /private/var/folders/<tmp>/T/pytest-of-<user>/pytest-2/ibex_soc_build0/generated/plic_multictx/PlicMultictxPkg.sv /private/var/folders/<tmp>/T/pytest-of-<user>/pytest-2/ibex_soc_build0/generated/plic_multictx/PlicMultictx.sv /private/var/folders/<tmp>/T/pytest-of-<user>/pytest-2/ibex_soc_build0/generated/plic_multictx/PlicMultictxLogic.sv /private/var/folders/<tmp>/T/pytest-of-<user>/pytest-2/ibex_soc_build0/generated/mtrap_ibex/MTrapIbexCsrFilePkg.sv /private/var/folders/<tmp>/T/pytest-of-<user>/pytest-2/ibex_soc_build0/generated/mtrap_ibex/MTrapIbexCsrAccess.sv /private/var/folders/<tmp>/T/pytest-of-<user>/pytest-2/ibex_soc_build0/generated/mtrap_ibex/MTrapIbexCsrFile.sv /private/var/folders/<tmp>/T/pytest-of-<user>/pytest-2/ibex_soc_build0/generated/mtrap_ibex/MTrapIbexCsrTrapCoord.sv ${REPO_ROOT}/soc/obi_to_axi_lite.sv ${REPO_ROOT}/soc/ibex_mini_soc.sv ${REPO_ROOT}/soc/ibex_cs_registers_hybrid.sv ~/github/ibex/shared/rtl/ram_2p.sv ~/github/ibex/shared/rtl/sim/simulator_ctrl.sv ${REPO_ROOT}/build/ibex_core_shared_pkg.sv ${REPO_ROOT}/build/fb_age_arb.sv ${REPO_ROOT}/build/ibex_alu.sv ${REPO_ROOT}/build/ibex_compressed_decoder.sv ${REPO_ROOT}/build/ibex_controller.sv ${REPO_ROOT}/build/ibex_core.sv ${REPO_ROOT}/build/ibex_counter.sv ${REPO_ROOT}/build/ibex_decoder.sv ${REPO_ROOT}/build/ibex_ex_block.sv ${REPO_ROOT}/build/ibex_fetch_fifo.sv ${REPO_ROOT}/build/ibex_icache.sv ${REPO_ROOT}/build/ibex_icache_output_stage.sv ${REPO_ROOT}/build/ibex_id_stage.sv ${REPO_ROOT}/build/ibex_if_stage.sv ${REPO_ROOT}/build/ibex_load_store_unit.sv ${REPO_ROOT}/build/ibex_multdiv_fast.sv ${REPO_ROOT}/build/ibex_pmp.sv ${REPO_ROOT}/build/ibex_prefetch_buffer.sv ${REPO_ROOT}/build/ibex_register_file_ff.sv ${REPO_ROOT}/build/ibex_top.sv ${REPO_ROOT}/build/ibex_wb_stage.sv ${REPO_ROOT}/build/inval_ctrl.sv ${REPO_ROOT}/build/ram_port_arb.sv
E           STDERR:
E           %Warning-PROCASSINIT: ${REPO_ROOT}/build/ibex_multdiv_fast.sv:102:27: Procedural assignment to declaration with initial value: '_t0_state'
E                                                                                                                                                      : ... note: In instance 'ibex_mini_soc.u_ibex.u_ibex_top.u_ibex_core.ex_block_i.multdiv_i._threads'
E                                                                                                                                                      : ... Location of variable initialization
E             102 |   logic [3:0] _t0_state = 0;
E                 |                           ^
E                                 ${REPO_ROOT}/build/ibex_multdiv_fast.sv:358:7: ... Location of variable process write
E                                                                                                                                                     : ... Perhaps should initialize instead using a reset in this process
E             358 |       _t0_state &lt;= 0;
E                 |       ^~~~~~~~~
E                                 ... For warning description see https://verilator.org/warn/PROCASSINIT?v=5.048
E                                 ... Use "/* verilator lint_off PROCASSINIT */" and lint_on around source to disable this message.
E           %Warning-PROCASSINIT: ${REPO_ROOT}/build/ibex_multdiv_fast.sv:104:30: Procedural assignment to declaration with initial value: '_t0_loop_cnt'
E                                                                                                                                                      : ... note: In instance 'ibex_mini_soc.u_ibex.u_ibex_top.u_ibex_core.ex_block_i.multdiv_i._threads'
E                                                                                                                                                      : ... Location of variable initialization
E             104 |   logic [4:0] _t0_loop_cnt = 0;
E                 |                              ^
E                                 ${REPO_ROOT}/build/ibex_multdiv_fast.sv:440:7: ... Location of variable process write
E                                                                                                                                                     : ... Perhaps should initialize instead using a reset in this process
E             440 |       _t0_loop_cnt &lt;= 0;
E                 |       ^~~~~~~~~~~~
E           %Warning-SYNCASYNCNET: ${REPO_ROOT}/soc/ibex_mini_soc.sv:67:16: Signal flopped as both synchronous and async: 'IO_RST_N'
E                                  ${REPO_ROOT}/soc/ibex_mini_soc.sv:67:16: ... Location of async usage
E              67 |   input  logic IO_RST_N,
E                 |                ^~~~~~~~
E                                  ${REPO_ROOT}/soc/ibex_mini_soc.sv:67:16: ... Location of sync usage
E              67 |   input  logic IO_RST_N,
E                 |                ^~~~~~~~
E                                  ... For warning description see https://verilator.org/warn/SYNCASYNCNET?v=5.048
E                                  ... Use "/* verilator lint_off SYNCASYNCNET */" and lint_on around source to disable this message.
E           %Error: Exiting due to 3 warning(s)
E           
E           STDOUT:

tests/test_soc_lint.py:59: Failed</failure></testcase><testcase classname="tests.test_cpu_programs" name="test_cpu_program[timer_isr]" time="4.702"><failure message="SystemExit: 1">program = CpuProgram(name='timer_isr', cocotb_module='test_timer_isr')
built_programs = {'ecall_isr': PosixPath('/private/var/folders/<tmp>/T/pytest-of-<user>/pytest-2/cpu_s.../var/folders/<tmp>/T/pytest-of-<user>/pytest-2/cpu_sw_build0/multictx_isr.vmem'), ...}
verilator_runner = (&lt;cocotb_tools.runner.Verilator object at 0x1028c3cb0&gt;, PosixPath('/private/var/folders/<tmp>/T/pytest-of-<user>/pytest-2/cpu_sim_build0'))
tmp_path = PosixPath('/private/var/folders/<tmp>/T/pytest-of-<user>/pytest-2/test_cpu_program_timer_isr_0')

    @pytest.mark.parametrize("program", PROGRAMS, ids=lambda p: p.name)
    def test_cpu_program(
        program: CpuProgram,
        built_programs: dict[str, Path],
        verilator_runner,
        tmp_path: Path,
    ) -&gt; None:
        """Run one of the bring-up programs end-to-end on the real Ibex SoC."""
        runner, sim_build = verilator_runner
        vmem = built_programs[program.name]
    
&gt;       results_xml = runner.test(
            test_module=program.cocotb_module,
            hdl_toplevel="ibex_mini_soc",
            build_dir=str(sim_build),
            test_dir=str(COCOTB_TESTS_DIR),
            results_xml=str(tmp_path / f"results_{program.name}.xml"),
            extra_env={"VMEM_PATH": str(vmem)},
        )
E       SystemExit: 1

tests/test_cpu_programs.py:232: SystemExit</failure></testcase><testcase classname="tests.test_cpu_programs" name="test_cpu_program[sw_isr]" time="0.161"><failure message="SystemExit: 1">program = CpuProgram(name='sw_isr', cocotb_module='test_sw_isr')
built_programs = {'ecall_isr': PosixPath('/private/var/folders/<tmp>/T/pytest-of-<user>/pytest-2/cpu_s.../var/folders/<tmp>/T/pytest-of-<user>/pytest-2/cpu_sw_build0/multictx_isr.vmem'), ...}
verilator_runner = (&lt;cocotb_tools.runner.Verilator object at 0x1028c3cb0&gt;, PosixPath('/private/var/folders/<tmp>/T/pytest-of-<user>/pytest-2/cpu_sim_build0'))
tmp_path = PosixPath('/private/var/folders/<tmp>/T/pytest-of-<user>/pytest-2/test_cpu_program_sw_isr_0')

    @pytest.mark.parametrize("program", PROGRAMS, ids=lambda p: p.name)
    def test_cpu_program(
        program: CpuProgram,
        built_programs: dict[str, Path],
        verilator_runner,
        tmp_path: Path,
    ) -&gt; None:
        """Run one of the bring-up programs end-to-end on the real Ibex SoC."""
        runner, sim_build = verilator_runner
        vmem = built_programs[program.name]
    
&gt;       results_xml = runner.test(
            test_module=program.cocotb_module,
            hdl_toplevel="ibex_mini_soc",
            build_dir=str(sim_build),
            test_dir=str(COCOTB_TESTS_DIR),
            results_xml=str(tmp_path / f"results_{program.name}.xml"),
            extra_env={"VMEM_PATH": str(vmem)},
        )
E       SystemExit: 1

tests/test_cpu_programs.py:232: SystemExit</failure></testcase><testcase classname="tests.test_cpu_programs" name="test_cpu_program[ext_isr]" time="0.163"><failure message="SystemExit: 1">program = CpuProgram(name='ext_isr', cocotb_module='test_ext_isr')
built_programs = {'ecall_isr': PosixPath('/private/var/folders/<tmp>/T/pytest-of-<user>/pytest-2/cpu_s.../var/folders/<tmp>/T/pytest-of-<user>/pytest-2/cpu_sw_build0/multictx_isr.vmem'), ...}
verilator_runner = (&lt;cocotb_tools.runner.Verilator object at 0x1028c3cb0&gt;, PosixPath('/private/var/folders/<tmp>/T/pytest-of-<user>/pytest-2/cpu_sim_build0'))
tmp_path = PosixPath('/private/var/folders/<tmp>/T/pytest-of-<user>/pytest-2/test_cpu_program_ext_isr_0')

    @pytest.mark.parametrize("program", PROGRAMS, ids=lambda p: p.name)
    def test_cpu_program(
        program: CpuProgram,
        built_programs: dict[str, Path],
        verilator_runner,
        tmp_path: Path,
    ) -&gt; None:
        """Run one of the bring-up programs end-to-end on the real Ibex SoC."""
        runner, sim_build = verilator_runner
        vmem = built_programs[program.name]
    
&gt;       results_xml = runner.test(
            test_module=program.cocotb_module,
            hdl_toplevel="ibex_mini_soc",
            build_dir=str(sim_build),
            test_dir=str(COCOTB_TESTS_DIR),
            results_xml=str(tmp_path / f"results_{program.name}.xml"),
            extra_env={"VMEM_PATH": str(vmem)},
        )
E       SystemExit: 1

tests/test_cpu_programs.py:232: SystemExit</failure></testcase><testcase classname="tests.test_cpu_programs" name="test_cpu_program[multictx_isr]" time="0.164"><failure message="SystemExit: 1">program = CpuProgram(name='multictx_isr', cocotb_module='test_multictx_isr')
built_programs = {'ecall_isr': PosixPath('/private/var/folders/<tmp>/T/pytest-of-<user>/pytest-2/cpu_s.../var/folders/<tmp>/T/pytest-of-<user>/pytest-2/cpu_sw_build0/multictx_isr.vmem'), ...}
verilator_runner = (&lt;cocotb_tools.runner.Verilator object at 0x1028c3cb0&gt;, PosixPath('/private/var/folders/<tmp>/T/pytest-of-<user>/pytest-2/cpu_sim_build0'))
tmp_path = PosixPath('/private/var/folders/<tmp>/T/pytest-of-<user>/pytest-2/test_cpu_program_multictx_isr_0')

    @pytest.mark.parametrize("program", PROGRAMS, ids=lambda p: p.name)
    def test_cpu_program(
        program: CpuProgram,
        built_programs: dict[str, Path],
        verilator_runner,
        tmp_path: Path,
    ) -&gt; None:
        """Run one of the bring-up programs end-to-end on the real Ibex SoC."""
        runner, sim_build = verilator_runner
        vmem = built_programs[program.name]
    
&gt;       results_xml = runner.test(
            test_module=program.cocotb_module,
            hdl_toplevel="ibex_mini_soc",
            build_dir=str(sim_build),
            test_dir=str(COCOTB_TESTS_DIR),
            results_xml=str(tmp_path / f"results_{program.name}.xml"),
            extra_env={"VMEM_PATH": str(vmem)},
        )
E       SystemExit: 1

tests/test_cpu_programs.py:232: SystemExit</failure></testcase><testcase classname="tests.test_cpu_programs" name="test_cpu_program[wfi_isr]" time="0.161"><failure message="SystemExit: 1">program = CpuProgram(name='wfi_isr', cocotb_module='test_wfi_isr')
built_programs = {'ecall_isr': PosixPath('/private/var/folders/<tmp>/T/pytest-of-<user>/pytest-2/cpu_s.../var/folders/<tmp>/T/pytest-of-<user>/pytest-2/cpu_sw_build0/multictx_isr.vmem'), ...}
verilator_runner = (&lt;cocotb_tools.runner.Verilator object at 0x1028c3cb0&gt;, PosixPath('/private/var/folders/<tmp>/T/pytest-of-<user>/pytest-2/cpu_sim_build0'))
tmp_path = PosixPath('/private/var/folders/<tmp>/T/pytest-of-<user>/pytest-2/test_cpu_program_wfi_isr_0')

    @pytest.mark.parametrize("program", PROGRAMS, ids=lambda p: p.name)
    def test_cpu_program(
        program: CpuProgram,
        built_programs: dict[str, Path],
        verilator_runner,
        tmp_path: Path,
    ) -&gt; None:
        """Run one of the bring-up programs end-to-end on the real Ibex SoC."""
        runner, sim_build = verilator_runner
        vmem = built_programs[program.name]
    
&gt;       results_xml = runner.test(
            test_module=program.cocotb_module,
            hdl_toplevel="ibex_mini_soc",
            build_dir=str(sim_build),
            test_dir=str(COCOTB_TESTS_DIR),
            results_xml=str(tmp_path / f"results_{program.name}.xml"),
            extra_env={"VMEM_PATH": str(vmem)},
        )
E       SystemExit: 1

tests/test_cpu_programs.py:232: SystemExit</failure></testcase><testcase classname="tests.test_cpu_programs" name="test_cpu_program[ecall_isr]" time="0.164"><failure message="SystemExit: 1">program = CpuProgram(name='ecall_isr', cocotb_module='test_ecall_isr')
built_programs = {'ecall_isr': PosixPath('/private/var/folders/<tmp>/T/pytest-of-<user>/pytest-2/cpu_s.../var/folders/<tmp>/T/pytest-of-<user>/pytest-2/cpu_sw_build0/multictx_isr.vmem'), ...}
verilator_runner = (&lt;cocotb_tools.runner.Verilator object at 0x1028c3cb0&gt;, PosixPath('/private/var/folders/<tmp>/T/pytest-of-<user>/pytest-2/cpu_sim_build0'))
tmp_path = PosixPath('/private/var/folders/<tmp>/T/pytest-of-<user>/pytest-2/test_cpu_program_ecall_isr_0')

    @pytest.mark.parametrize("program", PROGRAMS, ids=lambda p: p.name)
    def test_cpu_program(
        program: CpuProgram,
        built_programs: dict[str, Path],
        verilator_runner,
        tmp_path: Path,
    ) -&gt; None:
        """Run one of the bring-up programs end-to-end on the real Ibex SoC."""
        runner, sim_build = verilator_runner
        vmem = built_programs[program.name]
    
&gt;       results_xml = runner.test(
            test_module=program.cocotb_module,
            hdl_toplevel="ibex_mini_soc",
            build_dir=str(sim_build),
            test_dir=str(COCOTB_TESTS_DIR),
            results_xml=str(tmp_path / f"results_{program.name}.xml"),
            extra_env={"VMEM_PATH": str(vmem)},
        )
E       SystemExit: 1

tests/test_cpu_programs.py:232: SystemExit</failure></testcase><testcase classname="tests.test_cpu_programs" name="test_cpu_program[pmp_exec_isr]" time="0.162"><failure message="SystemExit: 1">program = CpuProgram(name='pmp_exec_isr', cocotb_module='test_pmp_exec_isr')
built_programs = {'ecall_isr': PosixPath('/private/var/folders/<tmp>/T/pytest-of-<user>/pytest-2/cpu_s.../var/folders/<tmp>/T/pytest-of-<user>/pytest-2/cpu_sw_build0/multictx_isr.vmem'), ...}
verilator_runner = (&lt;cocotb_tools.runner.Verilator object at 0x1028c3cb0&gt;, PosixPath('/private/var/folders/<tmp>/T/pytest-of-<user>/pytest-2/cpu_sim_build0'))
tmp_path = PosixPath('/private/var/folders/<tmp>/T/pytest-of-<user>/pytest-2/test_cpu_program_pmp_exec_isr_0')

    @pytest.mark.parametrize("program", PROGRAMS, ids=lambda p: p.name)
    def test_cpu_program(
        program: CpuProgram,
        built_programs: dict[str, Path],
        verilator_runner,
        tmp_path: Path,
    ) -&gt; None:
        """Run one of the bring-up programs end-to-end on the real Ibex SoC."""
        runner, sim_build = verilator_runner
        vmem = built_programs[program.name]
    
&gt;       results_xml = runner.test(
            test_module=program.cocotb_module,
            hdl_toplevel="ibex_mini_soc",
            build_dir=str(sim_build),
            test_dir=str(COCOTB_TESTS_DIR),
            results_xml=str(tmp_path / f"results_{program.name}.xml"),
            extra_env={"VMEM_PATH": str(vmem)},
        )
E       SystemExit: 1

tests/test_cpu_programs.py:232: SystemExit</failure></testcase><testcase classname="tests.test_cpu_programs" name="test_cpu_program[pmp_load_isr]" time="0.164"><failure message="SystemExit: 1">program = CpuProgram(name='pmp_load_isr', cocotb_module='test_pmp_load_isr')
built_programs = {'ecall_isr': PosixPath('/private/var/folders/<tmp>/T/pytest-of-<user>/pytest-2/cpu_s.../var/folders/<tmp>/T/pytest-of-<user>/pytest-2/cpu_sw_build0/multictx_isr.vmem'), ...}
verilator_runner = (&lt;cocotb_tools.runner.Verilator object at 0x1028c3cb0&gt;, PosixPath('/private/var/folders/<tmp>/T/pytest-of-<user>/pytest-2/cpu_sim_build0'))
tmp_path = PosixPath('/private/var/folders/<tmp>/T/pytest-of-<user>/pytest-2/test_cpu_program_pmp_load_isr_0')

    @pytest.mark.parametrize("program", PROGRAMS, ids=lambda p: p.name)
    def test_cpu_program(
        program: CpuProgram,
        built_programs: dict[str, Path],
        verilator_runner,
        tmp_path: Path,
    ) -&gt; None:
        """Run one of the bring-up programs end-to-end on the real Ibex SoC."""
        runner, sim_build = verilator_runner
        vmem = built_programs[program.name]
    
&gt;       results_xml = runner.test(
            test_module=program.cocotb_module,
            hdl_toplevel="ibex_mini_soc",
            build_dir=str(sim_build),
            test_dir=str(COCOTB_TESTS_DIR),
            results_xml=str(tmp_path / f"results_{program.name}.xml"),
            extra_env={"VMEM_PATH": str(vmem)},
        )
E       SystemExit: 1

tests/test_cpu_programs.py:232: SystemExit</failure></testcase><testcase classname="tests.test_cpu_programs" name="test_cpu_program[pmp_misaligned_isr]" time="0.199"><failure message="SystemExit: 1">program = CpuProgram(name='pmp_misaligned_isr', cocotb_module='test_pmp_misaligned_isr')
built_programs = {'ecall_isr': PosixPath('/private/var/folders/<tmp>/T/pytest-of-<user>/pytest-2/cpu_s.../var/folders/<tmp>/T/pytest-of-<user>/pytest-2/cpu_sw_build0/multictx_isr.vmem'), ...}
verilator_runner = (&lt;cocotb_tools.runner.Verilator object at 0x1028c3cb0&gt;, PosixPath('/private/var/folders/<tmp>/T/pytest-of-<user>/pytest-2/cpu_sim_build0'))
tmp_path = PosixPath('/private/var/folders/<tmp>/T/pytest-of-<user>/pytest-2/test_cpu_program_pmp_misaligne0')

    @pytest.mark.parametrize("program", PROGRAMS, ids=lambda p: p.name)
    def test_cpu_program(
        program: CpuProgram,
        built_programs: dict[str, Path],
        verilator_runner,
        tmp_path: Path,
    ) -&gt; None:
        """Run one of the bring-up programs end-to-end on the real Ibex SoC."""
        runner, sim_build = verilator_runner
        vmem = built_programs[program.name]
    
&gt;       results_xml = runner.test(
            test_module=program.cocotb_module,
            hdl_toplevel="ibex_mini_soc",
            build_dir=str(sim_build),
            test_dir=str(COCOTB_TESTS_DIR),
            results_xml=str(tmp_path / f"results_{program.name}.xml"),
            extra_env={"VMEM_PATH": str(vmem)},
        )
E       SystemExit: 1

tests/test_cpu_programs.py:232: SystemExit</failure></testcase><testcase classname="tests.test_cpu_programs" name="test_cpu_program[icache_bench]" time="0.170"><failure message="SystemExit: 1">program = CpuProgram(name='icache_bench', cocotb_module='test_icache_bench')
built_programs = {'ecall_isr': PosixPath('/private/var/folders/<tmp>/T/pytest-of-<user>/pytest-2/cpu_s.../var/folders/<tmp>/T/pytest-of-<user>/pytest-2/cpu_sw_build0/multictx_isr.vmem'), ...}
verilator_runner = (&lt;cocotb_tools.runner.Verilator object at 0x1028c3cb0&gt;, PosixPath('/private/var/folders/<tmp>/T/pytest-of-<user>/pytest-2/cpu_sim_build0'))
tmp_path = PosixPath('/private/var/folders/<tmp>/T/pytest-of-<user>/pytest-2/test_cpu_program_icache_bench_0')

    @pytest.mark.parametrize("program", PROGRAMS, ids=lambda p: p.name)
    def test_cpu_program(
        program: CpuProgram,
        built_programs: dict[str, Path],
        verilator_runner,
        tmp_path: Path,
    ) -&gt; None:
        """Run one of the bring-up programs end-to-end on the real Ibex SoC."""
        runner, sim_build = verilator_runner
        vmem = built_programs[program.name]
    
&gt;       results_xml = runner.test(
            test_module=program.cocotb_module,
            hdl_toplevel="ibex_mini_soc",
            build_dir=str(sim_build),
            test_dir=str(COCOTB_TESTS_DIR),
            results_xml=str(tmp_path / f"results_{program.name}.xml"),
            extra_env={"VMEM_PATH": str(vmem)},
        )
E       SystemExit: 1

tests/test_cpu_programs.py:232: SystemExit</failure></testcase></testsuite></testsuites>