<?xml version="1.0" encoding="utf-8"?><testsuites name="pytest tests"><testsuite name="pytest" errors="0" failures="6" skipped="75" tests="249" time="60.200" timestamp="2026-09-05T22:55:47.796712-07:00" hostname="SHUQINGs-MacBook-Air.local"><testcase classname="tests.test_arch_tests" name="test_arch_test_generate_reference[I/add-01]" time="0.000"><skipped type="pytest.skip" message="set ARCH_TESTS_GENERATE_REF=1">${REPO_ROOT}/tests/test_arch_tests.py:385: set ARCH_TESTS_GENERATE_REF=1</skipped></testcase><testcase classname="tests.test_arch_tests" name="test_arch_test_generate_reference[I/addi-01]" time="0.000"><skipped type="pytest.skip" message="set ARCH_TESTS_GENERATE_REF=1">${REPO_ROOT}/tests/test_arch_tests.py:385: set ARCH_TESTS_GENERATE_REF=1</skipped></testcase><testcase classname="tests.test_harc_runner" name="test_arch_coverage_ignores_generated_thread_counter_toggle" time="0.001" /><testcase classname="tests.test_arch_tests" name="test_arch_test_generate_reference[I/and-01]" time="0.000"><skipped type="pytest.skip" message="set ARCH_TESTS_GENERATE_REF=1">${REPO_ROOT}/tests/test_arch_tests.py:385: set ARCH_TESTS_GENERATE_REF=1</skipped></testcase><testcase classname="tests.test_arch_tests" name="test_arch_test_generate_reference[I/andi-01]" time="0.000"><skipped type="pytest.skip" message="set ARCH_TESTS_GENERATE_REF=1">${REPO_ROOT}/tests/test_arch_tests.py:385: set ARCH_TESTS_GENERATE_REF=1</skipped></testcase><testcase classname="tests.test_coremark_compare" name="test_coremark_swap_matches_upstream" time="0.000"><skipped type="pytest.skip" message="CoreMark comparison is an opt-in long-running benchmark">${REPO_ROOT}/tests/test_coremark_compare.py:417: CoreMark comparison is an opt-in long-running benchmark</skipped></testcase><testcase classname="tests.test_archsim_units" name="test_archsim_unit[IbexAlu]" time="16.359"><properties><property name="archsim_wall_seconds" value="16.356" /><property name="archsim_module" value="IbexAlu" /></properties></testcase><testcase classname="tests.test_harc_phase1_canaries" name="test_harc_phase1_canary[ibex_alu]" time="0.003"><failure message="AssertionError: HARC binary not found; set HARC_BIN or build ~/github/arch-ibex/.claude/worktrees/harc-com/target/release/harc">canary = HarcCanary(top='ibex_alu', dut_file='src/IbexAlu.arch', harc_files=('tests/harc/lib/ibex_alu_vip.harc', 'tests/harc/unit/ibex_alu_harc_test.harc'), test='IbexAluFullVerification', require_branch_data=True)
tmp_path = PosixPath('/private/var/folders/<tmp>/T/pytest-of-<user>/pytest-89/popen-gw5/test_harc_phase1_canary_ibex_a0')

    @pytest.mark.parametrize("canary", PHASE1_CANARIES, ids=lambda c: c.top)
    def test_harc_phase1_canary(canary: HarcCanary, tmp_path: Path) -&gt; None:
        dut_file = REPO_ROOT / canary.dut_file
        harc_files = [REPO_ROOT / path for path in canary.harc_files]
        extra_args = ("--arch-bin", resolve_arch_bin(), "--codegen", "v1")
    
&gt;       harc_check(harc_files=harc_files, cwd=REPO_ROOT)

tests/test_harc_phase1_canaries.py:81: 
_ _ _ _ _ _ _ _ _ _ _ _ _ _ _ _ _ _ _ _ _ _ _ _ _ _ _ _ _ _ _ _ _ _ _ _ _ _ _ _ 
tests/harc_runner.py:2936: in harc_check
    return run_harc(
tests/harc_runner.py:463: in run_harc
    binary = str(harc_bin) if harc_bin is not None else resolve_harc_bin()
                                                        ^^^^^^^^^^^^^^^^^^
_ _ _ _ _ _ _ _ _ _ _ _ _ _ _ _ _ _ _ _ _ _ _ _ _ _ _ _ _ _ _ _ _ _ _ _ _ _ _ _ 

    def resolve_harc_bin() -&gt; str:
        """Resolve the HARC executable from HARC_BIN, sibling checkout, or PATH."""
    
        env = os.environ.get("HARC_BIN")
        if env:
            path = Path(env).expanduser()
            if path.is_file():
                return str(path)
            raise AssertionError(f"HARC_BIN points to a missing file: {path}")
    
        if DEFAULT_HARC_BIN.is_file():
            return str(DEFAULT_HARC_BIN)
    
        which = shutil.which("harc")
        if which:
            return which
    
&gt;       raise AssertionError(
            "HARC binary not found; set HARC_BIN or build "
            f"{DEFAULT_HARC_BIN}"
        )
E       AssertionError: HARC binary not found; set HARC_BIN or build ~/github/arch-ibex/.claude/worktrees/harc-com/target/release/harc

tests/harc_runner.py:383: AssertionError</failure></testcase><testcase classname="tests.test_arch_tests" name="test_arch_test_generate_reference[I/auipc-01]" time="0.000"><skipped type="pytest.skip" message="set ARCH_TESTS_GENERATE_REF=1">${REPO_ROOT}/tests/test_arch_tests.py:385: set ARCH_TESTS_GENERATE_REF=1</skipped></testcase><testcase classname="tests.test_ibex_counter_unit_full" name="test_ibex_counter_unit_full[cw1_pvu0]" time="7.447" /><testcase classname="tests.test_harc_runner" name="test_arch_coverage_dat_waiver_excludes_exact_zero_record" time="0.002" /><testcase classname="tests.test_harc_runner" name="test_arch_coverage_dat_waiver_fails_when_stale" time="0.003" /><testcase classname="tests.test_arch_tests" name="test_arch_test_generate_reference[I/beq-01]" time="0.000"><skipped type="pytest.skip" message="set ARCH_TESTS_GENERATE_REF=1">${REPO_ROOT}/tests/test_arch_tests.py:385: set ARCH_TESTS_GENERATE_REF=1</skipped></testcase><testcase classname="tests.test_arch_tests" name="test_arch_test_generate_reference[I/bge-01]" time="0.000"><skipped type="pytest.skip" message="set ARCH_TESTS_GENERATE_REF=1">${REPO_ROOT}/tests/test_arch_tests.py:385: set ARCH_TESTS_GENERATE_REF=1</skipped></testcase><testcase classname="tests.test_arch_tests" name="test_arch_test_generate_reference[I/bgeu-01]" time="0.000"><skipped type="pytest.skip" message="set ARCH_TESTS_GENERATE_REF=1">${REPO_ROOT}/tests/test_arch_tests.py:385: set ARCH_TESTS_GENERATE_REF=1</skipped></testcase><testcase classname="tests.test_arch_tests" name="test_arch_test_generate_reference[I/blt-01]" time="0.000"><skipped type="pytest.skip" message="set ARCH_TESTS_GENERATE_REF=1">${REPO_ROOT}/tests/test_arch_tests.py:385: set ARCH_TESTS_GENERATE_REF=1</skipped></testcase><testcase classname="tests.test_arch_tests" name="test_arch_test_generate_reference[I/bltu-01]" time="0.000"><skipped type="pytest.skip" message="set ARCH_TESTS_GENERATE_REF=1">${REPO_ROOT}/tests/test_arch_tests.py:385: set ARCH_TESTS_GENERATE_REF=1</skipped></testcase><testcase classname="tests.test_arch_tests" name="test_arch_test_generate_reference[I/bne-01]" time="0.000"><skipped type="pytest.skip" message="set ARCH_TESTS_GENERATE_REF=1">${REPO_ROOT}/tests/test_arch_tests.py:385: set ARCH_TESTS_GENERATE_REF=1</skipped></testcase><testcase classname="tests.test_arch_tests" name="test_arch_test_generate_reference[I/fence-01]" time="0.000"><skipped type="pytest.skip" message="set ARCH_TESTS_GENERATE_REF=1">${REPO_ROOT}/tests/test_arch_tests.py:385: set ARCH_TESTS_GENERATE_REF=1</skipped></testcase><testcase classname="tests.test_arch_tests" name="test_arch_test_generate_reference[I/jal-01]" time="0.000"><skipped type="pytest.skip" message="set ARCH_TESTS_GENERATE_REF=1">${REPO_ROOT}/tests/test_arch_tests.py:385: set ARCH_TESTS_GENERATE_REF=1</skipped></testcase><testcase classname="tests.test_arch_tests" name="test_arch_test_generate_reference[I/jalr-01]" time="0.000"><skipped type="pytest.skip" message="set ARCH_TESTS_GENERATE_REF=1">${REPO_ROOT}/tests/test_arch_tests.py:385: set ARCH_TESTS_GENERATE_REF=1</skipped></testcase><testcase classname="tests.test_arch_tests" name="test_arch_test_generate_reference[I/lb-align-01]" time="0.000"><skipped type="pytest.skip" message="set ARCH_TESTS_GENERATE_REF=1">${REPO_ROOT}/tests/test_arch_tests.py:385: set ARCH_TESTS_GENERATE_REF=1</skipped></testcase><testcase classname="tests.test_arch_tests" name="test_arch_test_generate_reference[I/lbu-align-01]" time="0.000"><skipped type="pytest.skip" message="set ARCH_TESTS_GENERATE_REF=1">${REPO_ROOT}/tests/test_arch_tests.py:385: set ARCH_TESTS_GENERATE_REF=1</skipped></testcase><testcase classname="tests.test_arch_tests" name="test_arch_test_generate_reference[I/lh-align-01]" time="0.000"><skipped type="pytest.skip" message="set ARCH_TESTS_GENERATE_REF=1">${REPO_ROOT}/tests/test_arch_tests.py:385: set ARCH_TESTS_GENERATE_REF=1</skipped></testcase><testcase classname="tests.test_arch_tests" name="test_arch_test_generate_reference[I/lhu-align-01]" time="0.000"><skipped type="pytest.skip" message="set ARCH_TESTS_GENERATE_REF=1">${REPO_ROOT}/tests/test_arch_tests.py:385: set ARCH_TESTS_GENERATE_REF=1</skipped></testcase><testcase classname="tests.test_arch_tests" name="test_arch_test_generate_reference[I/lui-01]" time="0.000"><skipped type="pytest.skip" message="set ARCH_TESTS_GENERATE_REF=1">${REPO_ROOT}/tests/test_arch_tests.py:385: set ARCH_TESTS_GENERATE_REF=1</skipped></testcase><testcase classname="tests.test_arch_tests" name="test_arch_test_generate_reference[I/lw-align-01]" time="0.000"><skipped type="pytest.skip" message="set ARCH_TESTS_GENERATE_REF=1">${REPO_ROOT}/tests/test_arch_tests.py:385: set ARCH_TESTS_GENERATE_REF=1</skipped></testcase><testcase classname="tests.test_arch_tests" name="test_arch_test_generate_reference[I/misalign1-jalr-01]" time="0.000"><skipped type="pytest.skip" message="set ARCH_TESTS_GENERATE_REF=1">${REPO_ROOT}/tests/test_arch_tests.py:385: set ARCH_TESTS_GENERATE_REF=1</skipped></testcase><testcase classname="tests.test_arch_tests" name="test_arch_test_generate_reference[I/or-01]" time="0.000"><skipped type="pytest.skip" message="set ARCH_TESTS_GENERATE_REF=1">${REPO_ROOT}/tests/test_arch_tests.py:385: set ARCH_TESTS_GENERATE_REF=1</skipped></testcase><testcase classname="tests.test_arch_tests" name="test_arch_test_generate_reference[I/ori-01]" time="0.000"><skipped type="pytest.skip" message="set ARCH_TESTS_GENERATE_REF=1">${REPO_ROOT}/tests/test_arch_tests.py:385: set ARCH_TESTS_GENERATE_REF=1</skipped></testcase><testcase classname="tests.test_arch_tests" name="test_arch_test_generate_reference[I/sb-align-01]" time="0.000"><skipped type="pytest.skip" message="set ARCH_TESTS_GENERATE_REF=1">${REPO_ROOT}/tests/test_arch_tests.py:385: set ARCH_TESTS_GENERATE_REF=1</skipped></testcase><testcase classname="tests.test_arch_tests" name="test_arch_test_generate_reference[I/sh-align-01]" time="0.000"><skipped type="pytest.skip" message="set ARCH_TESTS_GENERATE_REF=1">${REPO_ROOT}/tests/test_arch_tests.py:385: set ARCH_TESTS_GENERATE_REF=1</skipped></testcase><testcase classname="tests.test_arch_tests" name="test_arch_test_generate_reference[I/sll-01]" time="0.000"><skipped type="pytest.skip" message="set ARCH_TESTS_GENERATE_REF=1">${REPO_ROOT}/tests/test_arch_tests.py:385: set ARCH_TESTS_GENERATE_REF=1</skipped></testcase><testcase classname="tests.test_arch_tests" name="test_arch_test_generate_reference[I/slli-01]" time="0.000"><skipped type="pytest.skip" message="set ARCH_TESTS_GENERATE_REF=1">${REPO_ROOT}/tests/test_arch_tests.py:385: set ARCH_TESTS_GENERATE_REF=1</skipped></testcase><testcase classname="tests.test_arch_tests" name="test_arch_test_generate_reference[I/slt-01]" time="0.000"><skipped type="pytest.skip" message="set ARCH_TESTS_GENERATE_REF=1">${REPO_ROOT}/tests/test_arch_tests.py:385: set ARCH_TESTS_GENERATE_REF=1</skipped></testcase><testcase classname="tests.test_arch_tests" name="test_arch_test_generate_reference[I/slti-01]" time="0.000"><skipped type="pytest.skip" message="set ARCH_TESTS_GENERATE_REF=1">${REPO_ROOT}/tests/test_arch_tests.py:385: set ARCH_TESTS_GENERATE_REF=1</skipped></testcase><testcase classname="tests.test_arch_tests" name="test_arch_test_generate_reference[I/sltiu-01]" time="0.000"><skipped type="pytest.skip" message="set ARCH_TESTS_GENERATE_REF=1">${REPO_ROOT}/tests/test_arch_tests.py:385: set ARCH_TESTS_GENERATE_REF=1</skipped></testcase><testcase classname="tests.test_arch_tests" name="test_arch_test_generate_reference[I/sltu-01]" time="0.000"><skipped type="pytest.skip" message="set ARCH_TESTS_GENERATE_REF=1">${REPO_ROOT}/tests/test_arch_tests.py:385: set ARCH_TESTS_GENERATE_REF=1</skipped></testcase><testcase classname="tests.test_arch_tests" name="test_arch_test_generate_reference[I/sra-01]" time="0.000"><skipped type="pytest.skip" message="set ARCH_TESTS_GENERATE_REF=1">${REPO_ROOT}/tests/test_arch_tests.py:385: set ARCH_TESTS_GENERATE_REF=1</skipped></testcase><testcase classname="tests.test_arch_tests" name="test_arch_test_generate_reference[I/srai-01]" time="0.000"><skipped type="pytest.skip" message="set ARCH_TESTS_GENERATE_REF=1">${REPO_ROOT}/tests/test_arch_tests.py:385: set ARCH_TESTS_GENERATE_REF=1</skipped></testcase><testcase classname="tests.test_arch_tests" name="test_arch_test_generate_reference[I/srl-01]" time="0.000"><skipped type="pytest.skip" message="set ARCH_TESTS_GENERATE_REF=1">${REPO_ROOT}/tests/test_arch_tests.py:385: set ARCH_TESTS_GENERATE_REF=1</skipped></testcase><testcase classname="tests.test_arch_tests" name="test_arch_test_generate_reference[I/srli-01]" time="0.000"><skipped type="pytest.skip" message="set ARCH_TESTS_GENERATE_REF=1">${REPO_ROOT}/tests/test_arch_tests.py:385: set ARCH_TESTS_GENERATE_REF=1</skipped></testcase><testcase classname="tests.test_arch_tests" name="test_arch_test_generate_reference[I/sub-01]" time="0.000"><skipped type="pytest.skip" message="set ARCH_TESTS_GENERATE_REF=1">${REPO_ROOT}/tests/test_arch_tests.py:385: set ARCH_TESTS_GENERATE_REF=1</skipped></testcase><testcase classname="tests.test_harc_runner" name="test_merge_coverage_dat_uses_arch_coverage_merge" time="0.012" /><testcase classname="tests.test_arch_tests" name="test_arch_test_generate_reference[I/sw-align-01]" time="0.000"><skipped type="pytest.skip" message="set ARCH_TESTS_GENERATE_REF=1">${REPO_ROOT}/tests/test_arch_tests.py:385: set ARCH_TESTS_GENERATE_REF=1</skipped></testcase><testcase classname="tests.test_arch_tests" name="test_arch_test_generate_reference[I/xor-01]" time="0.000"><skipped type="pytest.skip" message="set ARCH_TESTS_GENERATE_REF=1">${REPO_ROOT}/tests/test_arch_tests.py:385: set ARCH_TESTS_GENERATE_REF=1</skipped></testcase><testcase classname="tests.test_arch_tests" name="test_arch_test_generate_reference[I/xori-01]" time="0.000"><skipped type="pytest.skip" message="set ARCH_TESTS_GENERATE_REF=1">${REPO_ROOT}/tests/test_arch_tests.py:385: set ARCH_TESTS_GENERATE_REF=1</skipped></testcase><testcase classname="tests.test_arch_tests" name="test_arch_test_generate_reference[M/div-01]" time="0.000"><skipped type="pytest.skip" message="set ARCH_TESTS_GENERATE_REF=1">${REPO_ROOT}/tests/test_arch_tests.py:385: set ARCH_TESTS_GENERATE_REF=1</skipped></testcase><testcase classname="tests.test_arch_tests" name="test_arch_test_generate_reference[M/divu-01]" time="0.000"><skipped type="pytest.skip" message="set ARCH_TESTS_GENERATE_REF=1">${REPO_ROOT}/tests/test_arch_tests.py:385: set ARCH_TESTS_GENERATE_REF=1</skipped></testcase><testcase classname="tests.test_arch_tests" name="test_arch_test_generate_reference[M/mul-01]" time="0.000"><skipped type="pytest.skip" message="set ARCH_TESTS_GENERATE_REF=1">${REPO_ROOT}/tests/test_arch_tests.py:385: set ARCH_TESTS_GENERATE_REF=1</skipped></testcase><testcase classname="tests.test_arch_tests" name="test_arch_test_generate_reference[M/mulh-01]" time="0.000"><skipped type="pytest.skip" message="set ARCH_TESTS_GENERATE_REF=1">${REPO_ROOT}/tests/test_arch_tests.py:385: set ARCH_TESTS_GENERATE_REF=1</skipped></testcase><testcase classname="tests.test_arch_tests" name="test_arch_test_generate_reference[M/mulhsu-01]" time="0.000"><skipped type="pytest.skip" message="set ARCH_TESTS_GENERATE_REF=1">${REPO_ROOT}/tests/test_arch_tests.py:385: set ARCH_TESTS_GENERATE_REF=1</skipped></testcase><testcase classname="tests.test_arch_tests" name="test_arch_test_generate_reference[M/mulhu-01]" time="0.000"><skipped type="pytest.skip" message="set ARCH_TESTS_GENERATE_REF=1">${REPO_ROOT}/tests/test_arch_tests.py:385: set ARCH_TESTS_GENERATE_REF=1</skipped></testcase><testcase classname="tests.test_arch_tests" name="test_arch_test_generate_reference[M/rem-01]" time="0.000"><skipped type="pytest.skip" message="set ARCH_TESTS_GENERATE_REF=1">${REPO_ROOT}/tests/test_arch_tests.py:385: set ARCH_TESTS_GENERATE_REF=1</skipped></testcase><testcase classname="tests.test_arch_tests" name="test_arch_test_generate_reference[M/remu-01]" time="0.000"><skipped type="pytest.skip" message="set ARCH_TESTS_GENERATE_REF=1">${REPO_ROOT}/tests/test_arch_tests.py:385: set ARCH_TESTS_GENERATE_REF=1</skipped></testcase><testcase classname="tests.test_arch_tests" name="test_arch_test_generate_reference[C/cadd-01]" time="0.000"><skipped type="pytest.skip" message="set ARCH_TESTS_GENERATE_REF=1">${REPO_ROOT}/tests/test_arch_tests.py:385: set ARCH_TESTS_GENERATE_REF=1</skipped></testcase><testcase classname="tests.test_arch_tests" name="test_arch_test_generate_reference[C/caddi-01]" time="0.000"><skipped type="pytest.skip" message="set ARCH_TESTS_GENERATE_REF=1">${REPO_ROOT}/tests/test_arch_tests.py:385: set ARCH_TESTS_GENERATE_REF=1</skipped></testcase><testcase classname="tests.test_arch_tests" name="test_arch_test_generate_reference[C/caddi16sp-01]" time="0.000"><skipped type="pytest.skip" message="set ARCH_TESTS_GENERATE_REF=1">${REPO_ROOT}/tests/test_arch_tests.py:385: set ARCH_TESTS_GENERATE_REF=1</skipped></testcase><testcase classname="tests.test_arch_tests" name="test_arch_test_generate_reference[C/caddi4spn-01]" time="0.000"><skipped type="pytest.skip" message="set ARCH_TESTS_GENERATE_REF=1">${REPO_ROOT}/tests/test_arch_tests.py:385: set ARCH_TESTS_GENERATE_REF=1</skipped></testcase><testcase classname="tests.test_arch_tests" name="test_arch_test_generate_reference[C/cand-01]" time="0.000"><skipped type="pytest.skip" message="set ARCH_TESTS_GENERATE_REF=1">${REPO_ROOT}/tests/test_arch_tests.py:385: set ARCH_TESTS_GENERATE_REF=1</skipped></testcase><testcase classname="tests.test_arch_tests" name="test_arch_test_generate_reference[C/candi-01]" time="0.000"><skipped type="pytest.skip" message="set ARCH_TESTS_GENERATE_REF=1">${REPO_ROOT}/tests/test_arch_tests.py:385: set ARCH_TESTS_GENERATE_REF=1</skipped></testcase><testcase classname="tests.test_arch_tests" name="test_arch_test_generate_reference[C/cbeqz-01]" time="0.000"><skipped type="pytest.skip" message="set ARCH_TESTS_GENERATE_REF=1">${REPO_ROOT}/tests/test_arch_tests.py:385: set ARCH_TESTS_GENERATE_REF=1</skipped></testcase><testcase classname="tests.test_arch_tests" name="test_arch_test_generate_reference[C/cbnez-01]" time="0.000"><skipped type="pytest.skip" message="set ARCH_TESTS_GENERATE_REF=1">${REPO_ROOT}/tests/test_arch_tests.py:385: set ARCH_TESTS_GENERATE_REF=1</skipped></testcase><testcase classname="tests.test_arch_tests" name="test_arch_test_generate_reference[C/cebreak-01]" time="0.000"><skipped type="pytest.skip" message="set ARCH_TESTS_GENERATE_REF=1">${REPO_ROOT}/tests/test_arch_tests.py:385: set ARCH_TESTS_GENERATE_REF=1</skipped></testcase><testcase classname="tests.test_arch_tests" name="test_arch_test_generate_reference[C/cj-01]" time="0.000"><skipped type="pytest.skip" message="set ARCH_TESTS_GENERATE_REF=1">${REPO_ROOT}/tests/test_arch_tests.py:385: set ARCH_TESTS_GENERATE_REF=1</skipped></testcase><testcase classname="tests.test_arch_tests" name="test_arch_test_generate_reference[C/cjal-01]" time="0.000"><skipped type="pytest.skip" message="set ARCH_TESTS_GENERATE_REF=1">${REPO_ROOT}/tests/test_arch_tests.py:385: set ARCH_TESTS_GENERATE_REF=1</skipped></testcase><testcase classname="tests.test_arch_tests" name="test_arch_test_generate_reference[C/cjalr-01]" time="0.000"><skipped type="pytest.skip" message="set ARCH_TESTS_GENERATE_REF=1">${REPO_ROOT}/tests/test_arch_tests.py:385: set ARCH_TESTS_GENERATE_REF=1</skipped></testcase><testcase classname="tests.test_arch_tests" name="test_arch_test_generate_reference[C/cjr-01]" time="0.000"><skipped type="pytest.skip" message="set ARCH_TESTS_GENERATE_REF=1">${REPO_ROOT}/tests/test_arch_tests.py:385: set ARCH_TESTS_GENERATE_REF=1</skipped></testcase><testcase classname="tests.test_arch_tests" name="test_arch_test_generate_reference[C/cli-01]" time="0.000"><skipped type="pytest.skip" message="set ARCH_TESTS_GENERATE_REF=1">${REPO_ROOT}/tests/test_arch_tests.py:385: set ARCH_TESTS_GENERATE_REF=1</skipped></testcase><testcase classname="tests.test_arch_tests" name="test_arch_test_generate_reference[C/clui-01]" time="0.000"><skipped type="pytest.skip" message="set ARCH_TESTS_GENERATE_REF=1">${REPO_ROOT}/tests/test_arch_tests.py:385: set ARCH_TESTS_GENERATE_REF=1</skipped></testcase><testcase classname="tests.test_arch_tests" name="test_arch_test_generate_reference[C/clw-01]" time="0.000"><skipped type="pytest.skip" message="set ARCH_TESTS_GENERATE_REF=1">${REPO_ROOT}/tests/test_arch_tests.py:385: set ARCH_TESTS_GENERATE_REF=1</skipped></testcase><testcase classname="tests.test_arch_tests" name="test_arch_test_generate_reference[C/clwsp-01]" time="0.000"><skipped type="pytest.skip" message="set ARCH_TESTS_GENERATE_REF=1">${REPO_ROOT}/tests/test_arch_tests.py:385: set ARCH_TESTS_GENERATE_REF=1</skipped></testcase><testcase classname="tests.test_arch_tests" name="test_arch_test_generate_reference[C/cmv-01]" time="0.000"><skipped type="pytest.skip" message="set ARCH_TESTS_GENERATE_REF=1">${REPO_ROOT}/tests/test_arch_tests.py:385: set ARCH_TESTS_GENERATE_REF=1</skipped></testcase><testcase classname="tests.test_arch_tests" name="test_arch_test_generate_reference[C/cnop-01]" time="0.000"><skipped type="pytest.skip" message="set ARCH_TESTS_GENERATE_REF=1">${REPO_ROOT}/tests/test_arch_tests.py:385: set ARCH_TESTS_GENERATE_REF=1</skipped></testcase><testcase classname="tests.test_arch_tests" name="test_arch_test_generate_reference[C/cor-01]" time="0.000"><skipped type="pytest.skip" message="set ARCH_TESTS_GENERATE_REF=1">${REPO_ROOT}/tests/test_arch_tests.py:385: set ARCH_TESTS_GENERATE_REF=1</skipped></testcase><testcase classname="tests.test_arch_tests" name="test_arch_test_generate_reference[C/cslli-01]" time="0.000"><skipped type="pytest.skip" message="set ARCH_TESTS_GENERATE_REF=1">${REPO_ROOT}/tests/test_arch_tests.py:385: set ARCH_TESTS_GENERATE_REF=1</skipped></testcase><testcase classname="tests.test_arch_tests" name="test_arch_test_generate_reference[C/csrai-01]" time="0.000"><skipped type="pytest.skip" message="set ARCH_TESTS_GENERATE_REF=1">${REPO_ROOT}/tests/test_arch_tests.py:385: set ARCH_TESTS_GENERATE_REF=1</skipped></testcase><testcase classname="tests.test_arch_tests" name="test_arch_test_generate_reference[C/csrli-01]" time="0.000"><skipped type="pytest.skip" message="set ARCH_TESTS_GENERATE_REF=1">${REPO_ROOT}/tests/test_arch_tests.py:385: set ARCH_TESTS_GENERATE_REF=1</skipped></testcase><testcase classname="tests.test_arch_tests" name="test_arch_test_generate_reference[C/csub-01]" time="0.000"><skipped type="pytest.skip" message="set ARCH_TESTS_GENERATE_REF=1">${REPO_ROOT}/tests/test_arch_tests.py:385: set ARCH_TESTS_GENERATE_REF=1</skipped></testcase><testcase classname="tests.test_arch_tests" name="test_arch_test_generate_reference[C/csw-01]" time="0.000"><skipped type="pytest.skip" message="set ARCH_TESTS_GENERATE_REF=1">${REPO_ROOT}/tests/test_arch_tests.py:385: set ARCH_TESTS_GENERATE_REF=1</skipped></testcase><testcase classname="tests.test_arch_tests" name="test_arch_test_generate_reference[C/cswsp-01]" time="0.000"><skipped type="pytest.skip" message="set ARCH_TESTS_GENERATE_REF=1">${REPO_ROOT}/tests/test_arch_tests.py:385: set ARCH_TESTS_GENERATE_REF=1</skipped></testcase><testcase classname="tests.test_arch_tests" name="test_arch_test_generate_reference[C/cxor-01]" time="0.000"><skipped type="pytest.skip" message="set ARCH_TESTS_GENERATE_REF=1">${REPO_ROOT}/tests/test_arch_tests.py:385: set ARCH_TESTS_GENERATE_REF=1</skipped></testcase><testcase classname="tests.test_harc_runner" name="test_merge_coverage_dat_rejects_empty_input" time="0.002" /><testcase classname="tests.test_harc_runner" name="test_merge_coverage_dat_reports_arch_cli_failure" time="0.004" /><testcase classname="tests.test_harc_runner" name="test_crv_seed_manifest_records_reproducible_default_tbir_command" time="0.001" /><testcase classname="tests.test_harc_runner" name="test_crv_seed_manifest_rejects_codegen_escape_hatch" time="0.000" /><testcase classname="tests.test_harc_runner" name="test_harc_sim_coverage_command_rejects_codegen_escape_hatch" time="0.000" /><testcase classname="tests.test_harc_runner" name="test_harc_sim_coverage_command_records_seed" time="0.000" /><testcase classname="tests.test_harc_runner" name="test_harc_sim_coverage_command_rejects_seed_extra_arg" time="0.001" /><testcase classname="tests.test_harc_runner" name="test_harc_sim_coverage_command_rejects_negative_seed" time="0.002" /><testcase classname="tests.test_harc_runner" name="test_crv_seed_manifest_sorts_entries_for_parallel_determinism" time="0.002" /><testcase classname="tests.test_harc_runner" name="test_crv_seed_manifest_rejects_duplicate_profile_seed" time="0.001" /><testcase classname="tests.test_harc_runner" name="test_run_crv_seed_campaign_runs_seeds_and_merges_coverage" time="0.329" /><testcase classname="tests.test_harc_phase1_canaries" name="test_harc_phase1_canary[ibex_counter]" time="0.002"><failure message="AssertionError: HARC binary not found; set HARC_BIN or build ~/github/arch-ibex/.claude/worktrees/harc-com/target/release/harc">canary = HarcCanary(top='ibex_counter', dut_file='src/IbexCounter.arch', harc_files=('tests/harc/lib/ibex_counter_vip.harc', 'tests/harc/unit/ibex_counter_harc_test.harc'), test='IbexCounterCanary', require_branch_data=True)
tmp_path = PosixPath('/private/var/folders/<tmp>/T/pytest-of-<user>/pytest-89/popen-gw5/test_harc_phase1_canary_ibex_c0')

    @pytest.mark.parametrize("canary", PHASE1_CANARIES, ids=lambda c: c.top)
    def test_harc_phase1_canary(canary: HarcCanary, tmp_path: Path) -&gt; None:
        dut_file = REPO_ROOT / canary.dut_file
        harc_files = [REPO_ROOT / path for path in canary.harc_files]
        extra_args = ("--arch-bin", resolve_arch_bin(), "--codegen", "v1")
    
&gt;       harc_check(harc_files=harc_files, cwd=REPO_ROOT)

tests/test_harc_phase1_canaries.py:81: 
_ _ _ _ _ _ _ _ _ _ _ _ _ _ _ _ _ _ _ _ _ _ _ _ _ _ _ _ _ _ _ _ _ _ _ _ _ _ _ _ 
tests/harc_runner.py:2936: in harc_check
    return run_harc(
tests/harc_runner.py:463: in run_harc
    binary = str(harc_bin) if harc_bin is not None else resolve_harc_bin()
                                                        ^^^^^^^^^^^^^^^^^^
_ _ _ _ _ _ _ _ _ _ _ _ _ _ _ _ _ _ _ _ _ _ _ _ _ _ _ _ _ _ _ _ _ _ _ _ _ _ _ _ 

    def resolve_harc_bin() -&gt; str:
        """Resolve the HARC executable from HARC_BIN, sibling checkout, or PATH."""
    
        env = os.environ.get("HARC_BIN")
        if env:
            path = Path(env).expanduser()
            if path.is_file():
                return str(path)
            raise AssertionError(f"HARC_BIN points to a missing file: {path}")
    
        if DEFAULT_HARC_BIN.is_file():
            return str(DEFAULT_HARC_BIN)
    
        which = shutil.which("harc")
        if which:
            return which
    
&gt;       raise AssertionError(
            "HARC binary not found; set HARC_BIN or build "
            f"{DEFAULT_HARC_BIN}"
        )
E       AssertionError: HARC binary not found; set HARC_BIN or build ~/github/arch-ibex/.claude/worktrees/harc-com/target/release/harc

tests/harc_runner.py:383: AssertionError</failure></testcase><testcase classname="tests.test_harc_phase1_canaries" name="test_harc_phase1_canary[ibex_register_file_ff]" time="0.001"><failure message="AssertionError: HARC binary not found; set HARC_BIN or build ~/github/arch-ibex/.claude/worktrees/harc-com/target/release/harc">canary = HarcCanary(top='ibex_register_file_ff', dut_file='src/IbexRegisterFileFf.arch', harc_files=('tests/harc/lib/ibex_regis...c', 'tests/harc/unit/ibex_register_file_ff_harc_test.harc'), test='IbexRegisterFileFfCanary', require_branch_data=True)
tmp_path = PosixPath('/private/var/folders/<tmp>/T/pytest-of-<user>/pytest-89/popen-gw5/test_harc_phase1_canary_ibex_r0')

    @pytest.mark.parametrize("canary", PHASE1_CANARIES, ids=lambda c: c.top)
    def test_harc_phase1_canary(canary: HarcCanary, tmp_path: Path) -&gt; None:
        dut_file = REPO_ROOT / canary.dut_file
        harc_files = [REPO_ROOT / path for path in canary.harc_files]
        extra_args = ("--arch-bin", resolve_arch_bin(), "--codegen", "v1")
    
&gt;       harc_check(harc_files=harc_files, cwd=REPO_ROOT)

tests/test_harc_phase1_canaries.py:81: 
_ _ _ _ _ _ _ _ _ _ _ _ _ _ _ _ _ _ _ _ _ _ _ _ _ _ _ _ _ _ _ _ _ _ _ _ _ _ _ _ 
tests/harc_runner.py:2936: in harc_check
    return run_harc(
tests/harc_runner.py:463: in run_harc
    binary = str(harc_bin) if harc_bin is not None else resolve_harc_bin()
                                                        ^^^^^^^^^^^^^^^^^^
_ _ _ _ _ _ _ _ _ _ _ _ _ _ _ _ _ _ _ _ _ _ _ _ _ _ _ _ _ _ _ _ _ _ _ _ _ _ _ _ 

    def resolve_harc_bin() -&gt; str:
        """Resolve the HARC executable from HARC_BIN, sibling checkout, or PATH."""
    
        env = os.environ.get("HARC_BIN")
        if env:
            path = Path(env).expanduser()
            if path.is_file():
                return str(path)
            raise AssertionError(f"HARC_BIN points to a missing file: {path}")
    
        if DEFAULT_HARC_BIN.is_file():
            return str(DEFAULT_HARC_BIN)
    
        which = shutil.which("harc")
        if which:
            return which
    
&gt;       raise AssertionError(
            "HARC binary not found; set HARC_BIN or build "
            f"{DEFAULT_HARC_BIN}"
        )
E       AssertionError: HARC binary not found; set HARC_BIN or build ~/github/arch-ibex/.claude/worktrees/harc-com/target/release/harc

tests/harc_runner.py:383: AssertionError</failure></testcase><testcase classname="tests.test_harc_phase1_canaries" name="test_harc_phase1_canary[ibex_wb_stage]" time="0.008"><failure message="AssertionError: HARC binary not found; set HARC_BIN or build ~/github/arch-ibex/.claude/worktrees/harc-com/target/release/harc">canary = HarcCanary(top='ibex_wb_stage', dut_file='src/IbexWbStage.arch', harc_files=('tests/harc/lib/ibex_wb_stage_vip.harc', 'tests/harc/unit/ibex_wb_stage_harc_test.harc'), test='IbexWbStagePhase1Canary', require_branch_data=False)
tmp_path = PosixPath('/private/var/folders/<tmp>/T/pytest-of-<user>/pytest-89/popen-gw5/test_harc_phase1_canary_ibex_w0')

    @pytest.mark.parametrize("canary", PHASE1_CANARIES, ids=lambda c: c.top)
    def test_harc_phase1_canary(canary: HarcCanary, tmp_path: Path) -&gt; None:
        dut_file = REPO_ROOT / canary.dut_file
        harc_files = [REPO_ROOT / path for path in canary.harc_files]
        extra_args = ("--arch-bin", resolve_arch_bin(), "--codegen", "v1")
    
&gt;       harc_check(harc_files=harc_files, cwd=REPO_ROOT)

tests/test_harc_phase1_canaries.py:81: 
_ _ _ _ _ _ _ _ _ _ _ _ _ _ _ _ _ _ _ _ _ _ _ _ _ _ _ _ _ _ _ _ _ _ _ _ _ _ _ _ 
tests/harc_runner.py:2936: in harc_check
    return run_harc(
tests/harc_runner.py:463: in run_harc
    binary = str(harc_bin) if harc_bin is not None else resolve_harc_bin()
                                                        ^^^^^^^^^^^^^^^^^^
_ _ _ _ _ _ _ _ _ _ _ _ _ _ _ _ _ _ _ _ _ _ _ _ _ _ _ _ _ _ _ _ _ _ _ _ _ _ _ _ 

    def resolve_harc_bin() -&gt; str:
        """Resolve the HARC executable from HARC_BIN, sibling checkout, or PATH."""
    
        env = os.environ.get("HARC_BIN")
        if env:
            path = Path(env).expanduser()
            if path.is_file():
                return str(path)
            raise AssertionError(f"HARC_BIN points to a missing file: {path}")
    
        if DEFAULT_HARC_BIN.is_file():
            return str(DEFAULT_HARC_BIN)
    
        which = shutil.which("harc")
        if which:
            return which
    
&gt;       raise AssertionError(
            "HARC binary not found; set HARC_BIN or build "
            f"{DEFAULT_HARC_BIN}"
        )
E       AssertionError: HARC binary not found; set HARC_BIN or build ~/github/arch-ibex/.claude/worktrees/harc-com/target/release/harc

tests/harc_runner.py:383: AssertionError</failure></testcase><testcase classname="tests.test_harc_runner" name="test_harc_functional_coverage_artifact_rejects_truncated_cross_detail" time="0.001" /><testcase classname="tests.test_harc_runner" name="test_harc_functional_coverage_artifact_rejects_duplicate_records" time="0.001" /><testcase classname="tests.test_harc_runner" name="test_harc_functional_coverage_artifact_ignores_non_cross_not_hit_lines" time="0.000" /><testcase classname="tests.test_harc_runner" name="test_harc_functional_coverage_artifact_from_jsonl_preserves_cross_bins" time="0.004" /><testcase classname="tests.test_harc_runner" name="test_harc_functional_coverage_artifact_from_jsonl_rejects_bad_summary" time="0.001" /><testcase classname="tests.test_harc_runner" name="test_harc_functional_coverage_artifact_from_jsonl_rejects_bad_count" time="0.001" /><testcase classname="tests.test_harc_runner" name="test_merge_harc_functional_coverage_artifacts_reports_holes" time="0.001" /><testcase classname="tests.test_harc_runner" name="test_selected_cross_waiver_accounting_is_not_full_closure" time="0.001" /><testcase classname="tests.test_harc_runner" name="test_selected_cross_waiver_accounting_rejects_stale_count" time="0.001" /><testcase classname="tests.test_harc_runner" name="test_selected_cross_bin_waiver_accounting_counts_cross_once" time="0.001" /><testcase classname="tests.test_harc_runner" name="test_selected_cross_bin_waiver_accounting_rejects_stale_hit_bin" time="0.001" /><testcase classname="tests.test_harc_runner" name="test_selected_cross_bin_waiver_accounting_rejects_unknown_bin" time="0.001" /><testcase classname="tests.test_harc_runner" name="test_selected_cross_bin_waiver_accounting_rejects_duplicate_bin" time="0.001" /><testcase classname="tests.test_harc_runner" name="test_merge_harc_functional_coverage_rejects_missing_cross_schema" time="0.001" /><testcase classname="tests.test_harc_runner" name="test_merge_harc_functional_coverage_rejects_unknown_hit_bin" time="0.001" /><testcase classname="tests.test_harc_runner" name="test_merge_harc_functional_coverage_campaigns_records_provenance" time="0.002" /><testcase classname="tests.test_harc_runner" name="test_merge_harc_functional_coverage_campaigns_rejects_duplicate_names" time="0.001" /><testcase classname="tests.test_harc_runner" name="test_merge_harc_functional_coverage_campaigns_rejects_bad_seed_manifest" time="0.001" /><testcase classname="tests.test_harc_runner" name="test_merge_harc_functional_coverage_campaigns_rejects_non_default_tbir" time="0.001" /><testcase classname="tests.test_harc_runner" name="test_merge_harc_functional_coverage_campaigns_rejects_unseeded_command" time="0.001" /><testcase classname="tests.test_harc_runner" name="test_run_crv_seed_campaign_exports_functional_coverage" time="0.292" /><testcase classname="tests.test_harc_runner" name="test_compressed_decoder_coverage_status_matches_inventory" time="0.002" /><testcase classname="tests.test_harc_runner" name="test_checked_in_compressed_decoder_coverage_status_is_complete" time="0.001"><failure message="FileNotFoundError: [Errno 2] No such file or directory: '${REPO_ROOT}/tests/harc/plans/ibex_compressed_decoder_full_bins.md'">def test_checked_in_compressed_decoder_coverage_status_is_complete() -&gt; None:
        root = Path(__file__).resolve().parents[1]
    
&gt;       assert_compressed_decoder_coverage_status_complete(
            inventory_path=root / "tests/harc/plans/ibex_compressed_decoder_full_bins.md",
            status_path=root
            / "tests/harc/plans/ibex_compressed_decoder_full_coverage_status.md",
        )

tests/test_harc_runner.py:1390: 
_ _ _ _ _ _ _ _ _ _ _ _ _ _ _ _ _ _ _ _ _ _ _ _ _ _ _ _ _ _ _ _ _ _ _ _ _ _ _ _ 
tests/harc_runner.py:1027: in assert_compressed_decoder_coverage_status_complete
    inventory = compressed_decoder_coverage_inventory(inventory_path)
                ^^^^^^^^^^^^^^^^^^^^^^^^^^^^^^^^^^^^^^^^^^^^^^^^^^^^^
tests/harc_runner.py:924: in compressed_decoder_coverage_inventory
    for raw in Path(path).read_text().splitlines():
               ^^^^^^^^^^^^^^^^^^^^^^
/opt/homebrew/anaconda3/lib/python3.13/pathlib/_local.py:546: in read_text
    return PathBase.read_text(self, encoding, errors, newline)
           ^^^^^^^^^^^^^^^^^^^^^^^^^^^^^^^^^^^^^^^^^^^^^^^^^^^
/opt/homebrew/anaconda3/lib/python3.13/pathlib/_abc.py:632: in read_text
    with self.open(mode='r', encoding=encoding, errors=errors, newline=newline) as f:
         ^^^^^^^^^^^^^^^^^^^^^^^^^^^^^^^^^^^^^^^^^^^^^^^^^^^^^^^^^^^^^^^^^^^^^^
_ _ _ _ _ _ _ _ _ _ _ _ _ _ _ _ _ _ _ _ _ _ _ _ _ _ _ _ _ _ _ _ _ _ _ _ _ _ _ _ 

self = PosixPath('${REPO_ROOT}/tests/harc/plans/ibex_compressed_decoder_full_bins.md')
mode = 'r', buffering = -1, encoding = 'locale', errors = None, newline = None

    def open(self, mode='r', buffering=-1, encoding=None,
             errors=None, newline=None):
        """
        Open the file pointed to by this path and return a file object, as
        the built-in open() function does.
        """
        if "b" not in mode:
            encoding = io.text_encoding(encoding)
&gt;       return io.open(self, mode, buffering, encoding, errors, newline)
               ^^^^^^^^^^^^^^^^^^^^^^^^^^^^^^^^^^^^^^^^^^^^^^^^^^^^^^^^^
E       FileNotFoundError: [Errno 2] No such file or directory: '${REPO_ROOT}/tests/harc/plans/ibex_compressed_decoder_full_bins.md'

/opt/homebrew/anaconda3/lib/python3.13/pathlib/_local.py:537: FileNotFoundError</failure></testcase><testcase classname="tests.test_harc_runner" name="test_compressed_decoder_coverage_status_fails_on_missing_bin" time="0.001" /><testcase classname="tests.test_harc_runner" name="test_compressed_decoder_coverage_status_rejects_shorthand" time="0.002" /><testcase classname="tests.test_ibex_decoder_unit_full" name="test_ibex_decoder_unit_full" time="8.022" /><testcase classname="tests.test_ex_block_unit_full" name="test_ex_block_unit_full" time="7.908" /><testcase classname="tests.test_ex_block_unit" name="test_ex_block_unit" time="8.032" /><testcase classname="tests.test_ibex_compressed_decoder_unit_full" name="test_ibex_compressed_decoder_unit_full" time="8.349" /><testcase classname="tests.test_alu_unit" name="test_ibex_alu_unit" time="8.491" /><testcase classname="tests.test_ibex_counter_unit_full" name="test_ibex_counter_unit_full[cw1_pvu1]" time="9.218" /><testcase classname="tests.test_ibex_core_unit_full" name="test_ibex_core_unit_full" time="13.058" /><testcase classname="tests.test_ibex_controller_unit_full" name="test_ibex_controller_unit_full" time="9.527" /><testcase classname="tests.test_ibex_controller_unit" name="test_ibex_controller_unit" time="9.517" /><testcase classname="tests.test_archsim_units" name="test_archsim_unit[IbexRegisterFileFf]" time="14.186"><properties><property name="archsim_wall_seconds" value="14.184" /><property name="archsim_module" value="IbexRegisterFileFf" /></properties></testcase><testcase classname="tests.test_ibex_compressed_decoder_unit" name="test_ibex_compressed_decoder_unit" time="9.274" /><testcase classname="tests.test_ibex_counter_unit_full" name="test_ibex_counter_unit_full[cw32_pvu0]" time="8.360" /><testcase classname="tests.test_ibex_fetch_fifo_unit" name="test_ibex_fetch_fifo_unit" time="9.852" /><testcase classname="tests.test_ibex_fetch_fifo_unit_full" name="test_ibex_fetch_fifo_unit_full" time="7.853" /><testcase classname="tests.test_ibex_counter_unit" name="test_ibex_counter_unit" time="9.047" /><testcase classname="tests.test_ibex_core_unit" name="test_ibex_core_unit" time="14.598" /><testcase classname="tests.test_ibex_icache_unit" name="test_ibex_icache_unit" time="9.106" /><testcase classname="tests.test_ibex_counter_unit_full" name="test_ibex_counter_unit_full[cw32_pvu1]" time="8.412" /><testcase classname="tests.test_ibex_icache_unit_full" name="test_ibex_icache_unit_full" time="9.016" /><testcase classname="tests.test_ibex_id_stage_unit_full" name="test_ibex_id_stage_unit_full" time="8.307" /><testcase classname="tests.test_cpu_programs" name="test_cpu_program[timer_isr]" time="26.285" /><testcase classname="tests.test_cpu_programs" name="test_cpu_program[sw_isr]" time="0.816" /><testcase classname="tests.test_cpu_programs" name="test_cpu_program[ext_isr]" time="0.849" /><testcase classname="tests.test_cpu_programs" name="test_cpu_program[multictx_isr]" time="0.818" /><testcase classname="tests.test_cpu_programs" name="test_cpu_program[wfi_isr]" time="0.826" /><testcase classname="tests.test_ibex_decoder_unit" name="test_ibex_decoder_unit" time="7.944" /><testcase classname="tests.test_cpu_programs" name="test_cpu_program[ecall_isr]" time="0.698" /><testcase classname="tests.test_cpu_programs" name="test_cpu_program[pmp_exec_isr]" time="0.777" /><testcase classname="tests.test_ibex_id_stage_unit" name="test_ibex_id_stage_unit" time="8.359" /><testcase classname="tests.test_archsim_units" name="test_archsim_unit[IbexCounter]" time="14.300"><properties><property name="archsim_wall_seconds" value="14.298" /><property name="archsim_module" value="IbexCounter" /></properties></testcase><testcase classname="tests.test_cpu_programs" name="test_cpu_program[pmp_load_isr]" time="0.756" /><testcase classname="tests.test_cpu_programs" name="test_cpu_program[pmp_misaligned_isr]" time="0.551" /><testcase classname="tests.test_cpu_programs" name="test_cpu_program[icache_bench]" time="1.687" /><testcase classname="tests.test_ibex_counter_unit_full" name="test_ibex_counter_unit_full[cw64_pvu0]" time="9.117" /><testcase classname="tests.test_ibex_pmp_unit" name="test_ibex_pmp_unit" time="8.275" /><testcase classname="tests.test_ibex_multdiv_fast_unit" name="test_ibex_multdiv_fast_unit" time="8.188" /><testcase classname="tests.test_ibex_multdiv_fast_unit_full" name="test_ibex_multdiv_fast_unit_full" time="8.665" /><testcase classname="tests.test_arch_tests" name="test_arch_test_on_swap[I/add-01]" time="35.099" /><testcase classname="tests.test_ibex_if_stage_unit" name="test_ibex_if_stage_unit" time="9.184" /><testcase classname="tests.test_arch_tests" name="test_arch_test_on_swap[I/addi-01]" time="1.076" /><testcase classname="tests.test_prefetch_buffer_unit_full" name="test_prefetch_buffer_unit_full" time="8.635" /><testcase classname="tests.test_arch_tests" name="test_arch_test_on_swap[I/and-01]" time="0.948" /><testcase classname="tests.test_arch_tests" name="test_arch_test_on_swap[I/andi-01]" time="1.168" /><testcase classname="tests.test_arch_tests" name="test_arch_test_on_swap[I/auipc-01]" time="1.088" /><testcase classname="tests.test_arch_tests" name="test_arch_test_on_swap[I/beq-01]" time="0.806" /><testcase classname="tests.test_ibex_if_stage_unit_full" name="test_ibex_if_stage_unit_full" time="10.462" /><testcase classname="tests.test_arch_tests" name="test_arch_test_on_swap[I/bge-01]" time="0.768" /><testcase classname="tests.test_arch_tests" name="test_arch_test_on_swap[I/bgeu-01]" time="0.593" /><testcase classname="tests.test_arch_tests" name="test_arch_test_on_swap[I/blt-01]" time="0.640" /><testcase classname="tests.test_wb_stage_unit" name="test_wb_stage_unit" time="8.690" /><testcase classname="tests.test_arch_tests" name="test_arch_test_on_swap[I/bltu-01]" time="0.695" /><testcase classname="tests.test_load_store_unit_unit" name="test_load_store_unit_unit" time="8.856" /><testcase classname="tests.test_ibex_counter_unit_full" name="test_ibex_counter_unit_full[cw64_pvu1]" time="6.023" /><testcase classname="tests.test_prefetch_buffer_unit" name="test_prefetch_buffer_unit" time="8.736" /><testcase classname="tests.test_arch_tests" name="test_arch_test_on_swap[I/bne-01]" time="0.632" /><testcase classname="tests.test_ibex_pmp_unit_full" name="test_ibex_pmp_unit_full" time="8.398" /><testcase classname="tests.test_arch_tests" name="test_arch_test_on_swap[I/fence-01]" time="0.562" /><testcase classname="tests.test_ibex_top_unit_full" name="test_ibex_top_unit_full" time="13.511" /><testcase classname="tests.test_load_store_unit_unit_full" name="test_load_store_unit_unit_full" time="4.963" /><testcase classname="tests.test_arch_tests" name="test_arch_test_on_swap[I/jal-01]" time="0.664" /><testcase classname="tests.test_arch_tests" name="test_arch_test_on_swap[I/jalr-01]" time="0.639" /><testcase classname="tests.test_archsim_units" name="test_archsim_unit[IbexDecoder]" time="6.302"><properties><property name="archsim_wall_seconds" value="6.300" /><property name="archsim_module" value="IbexDecoder" /></properties></testcase><testcase classname="tests.test_arch_tests" name="test_arch_test_on_swap[I/lb-align-01]" time="0.527" /><testcase classname="tests.test_arch_tests" name="test_arch_test_on_swap[I/lbu-align-01]" time="0.552" /><testcase classname="tests.test_arch_tests" name="test_arch_test_on_swap[I/lh-align-01]" time="0.403" /><testcase classname="tests.test_soc_lint" name="test_ibex_mini_soc_lints" time="2.952"><failure message="Failed: verilator --lint-only failed:&#10;CMD:&#10;  verilator --lint-only -Wall -Wno-UNUSEDSIGNAL -Wno-UNUSEDPARAM -Wno-PINMISSING -Wno-WIDTHEXPAND -Wno-IMPORTSTAR -Wno-DECLFILENAME -Wno-UNOPTFLAT --unroll-count 72 -f /private/var/folders/<tmp>/T/pytest-of-<user>/pytest-89/popen-gw7/ibex_soc_build0/build/lowrisc_ibex_ibex_top_tracing_0.1/lint-verilator/lowrisc_ibex_ibex_top_tracing_0.1.stripped.vc --top-module ibex_mini_soc /private/var/folders/<tmp>/T/pytest-of-<user>/pytest-89/popen-gw7/ibex_soc_build0/generated/clint_basic/ClintPkg.sv /private/var/folders/<tmp>/T/pytest-of-<user>/pytest-89/popen-gw7/ibex_soc_build0/generated/clint_basic/Clint.sv /private/var/folders/<tmp>/T/pytest-of-<user>/pytest-89/popen-gw7/ibex_soc_build0/generated/clint_basic/ClintLogic.sv /private/var/folders/<tmp>/T/pytest-of-<user>/pytest-89/popen-gw7/ibex_soc_build0/generated/plic_multictx/PlicMultictxPkg.sv /private/var/folders/<tmp>/T/pytest-of-<user>/pytest-89/popen-gw7/ibex_soc_build0/generated/plic_multictx/PlicMultictx.sv /private/var/folders/<tmp>/T/pytest-of-<user>/pytest-89/popen-gw7/ibex_soc_build0/generated/plic_multictx/PlicMultictxLogic.sv /private/var/folders/<tmp>/T/pytest-of-<user>/pytest-89/popen-gw7/ibex_soc_build0/generated/mtrap_ibex/MTrapIbexCsrFilePkg.sv /private/var/folders/<tmp>/T/pytest-of-<user>/pytest-89/popen-gw7/ibex_soc_build0/generated/mtrap_ibex/MTrapIbexCsrAccess.sv /private/var/folders/<tmp>/T/pytest-of-<user>/pytest-89/popen-gw7/ibex_soc_build0/generated/mtrap_ibex/MTrapIbexCsrFile.sv /private/var/folders/<tmp>/T/pytest-of-<user>/pytest-89/popen-gw7/ibex_soc_build0/generated/mtrap_ibex/MTrapIbexCsrTrapCoord.sv ${REPO_ROOT}/soc/obi_to_axi_lite.sv ${REPO_ROOT}/soc/ibex_mini_soc.sv ${REPO_ROOT}/soc/ibex_cs_registers_hybrid.sv ~/github/ibex/shared/rtl/ram_2p.sv ~/github/ibex/shared/rtl/sim/simulator_ctrl.sv ${REPO_ROOT}/build/ibex_core_shared_pkg.sv ${REPO_ROOT}/build/fb_age_arb.sv ${REPO_ROOT}/build/ibex_alu.sv ${REPO_ROOT}/build/ibex_compressed_decoder.sv ${REPO_ROOT}/build/ibex_controller.sv ${REPO_ROOT}/build/ibex_core.sv ${REPO_ROOT}/build/ibex_counter.sv ${REPO_ROOT}/build/ibex_decoder.sv ${REPO_ROOT}/build/ibex_ex_block.sv ${REPO_ROOT}/build/ibex_fetch_fifo.sv ${REPO_ROOT}/build/ibex_icache.sv ${REPO_ROOT}/build/ibex_icache_output_stage.sv ${REPO_ROOT}/build/ibex_id_stage.sv ${REPO_ROOT}/build/ibex_if_stage.sv ${REPO_ROOT}/build/ibex_load_store_unit.sv ${REPO_ROOT}/build/ibex_multdiv_fast.sv ${REPO_ROOT}/build/ibex_pmp.sv ${REPO_ROOT}/build/ibex_prefetch_buffer.sv ${REPO_ROOT}/build/ibex_register_file_ff.sv ${REPO_ROOT}/build/ibex_top.sv ${REPO_ROOT}/build/ibex_wb_stage.sv ${REPO_ROOT}/build/inval_ctrl.sv ${REPO_ROOT}/build/ram_port_arb.sv&#10;STDERR:&#10;%Warning-SYNCASYNCNET: ${REPO_ROOT}/soc/ibex_mini_soc.sv:67:16: Signal flopped as both synchronous and async: 'IO_RST_N'&#10;                       ${REPO_ROOT}/soc/ibex_mini_soc.sv:67:16: ... Location of async usage&#10;   67 |   input  logic IO_RST_N,&#10;      |                ^~~~~~~~&#10;                       ${REPO_ROOT}/soc/ibex_mini_soc.sv:67:16: ... Location of sync usage&#10;   67 |   input  logic IO_RST_N,&#10;      |                ^~~~~~~~&#10;                       ... For warning description see https://verilator.org/warn/SYNCASYNCNET?v=5.048&#10;                       ... Use &quot;/* verilator lint_off SYNCASYNCNET */&quot; and lint_on around source to disable this message.&#10;%Error: Exiting due to 1 warning(s)&#10;&#10;STDOUT:">verilator_bin = 'verilator'
ibex_soc_filelist = {'build_dir': PosixPath('/private/var/folders/<tmp>/T/pytest-of-<user>/pytest-89/pope...ibex_soc_build0/build/lowrisc_ibex_ibex_top_tracing_0.1/lint-verilator/lowrisc_ibex_ibex_top_tracing_0.1.stripped.vc')}

    def test_ibex_mini_soc_lints(
        verilator_bin: str,
        ibex_soc_filelist: dict,
    ) -&gt; None:
        vc_path: Path = ibex_soc_filelist["vc_path"]
        extra_sv: list[Path] = ibex_soc_filelist["extra_sv"]
        build_dir: Path = ibex_soc_filelist["build_dir"]
    
        cmd = [
            verilator_bin,
            "--lint-only",
            "-Wall",
            "-Wno-UNUSEDSIGNAL",   # Ibex ties a lot of observability ports off
            "-Wno-UNUSEDPARAM",
            "-Wno-PINMISSING",     # we don't connect every tracing port
            "-Wno-WIDTHEXPAND",    # $readmemh vs. sized vectors — benign
            "-Wno-IMPORTSTAR",     # arch-com emits `import Pkg::*;` at $unit
            "-Wno-DECLFILENAME",   # our in-tree Ibex forks keep upstream module names
            "-Wno-UNOPTFLAT",      # upstream ibex_ex_block.sv has an intended ALU↔multdiv
                                   # combinational loop on alu_adder_result_ext (the
                                   # multdiv shares the ALU's adder/comparator). With
                                   # the FSM-based multdiv Verilator's analysis
                                   # resolved it; the thread-based multdiv's nested
                                   # `_threads` submodule boundary makes Verilator
                                   # more conservative. The loop is functionally
                                   # identical and safe in practice.
            "--unroll-count", "72",  # required by prim_secded per Verilator#1266
            "-f", str(vc_path),
            "--top-module", "ibex_mini_soc",
        ]
        cmd.extend(str(p) for p in extra_sv)
    
        result = subprocess.run(
            cmd, cwd=str(build_dir),
            capture_output=True, text=True,
        )
        # Useful context on failure.
        if result.returncode != 0:
&gt;           pytest.fail(
                "verilator --lint-only failed:\n"
                f"CMD:\n  {' '.join(cmd)}\n"
                f"STDERR:\n{result.stderr}\nSTDOUT:\n{result.stdout}"
            )
E           Failed: verilator --lint-only failed:
E           CMD:
E             verilator --lint-only -Wall -Wno-UNUSEDSIGNAL -Wno-UNUSEDPARAM -Wno-PINMISSING -Wno-WIDTHEXPAND -Wno-IMPORTSTAR -Wno-DECLFILENAME -Wno-UNOPTFLAT --unroll-count 72 -f /private/var/folders/<tmp>/T/pytest-of-<user>/pytest-89/popen-gw7/ibex_soc_build0/build/lowrisc_ibex_ibex_top_tracing_0.1/lint-verilator/lowrisc_ibex_ibex_top_tracing_0.1.stripped.vc --top-module ibex_mini_soc /private/var/folders/<tmp>/T/pytest-of-<user>/pytest-89/popen-gw7/ibex_soc_build0/generated/clint_basic/ClintPkg.sv /private/var/folders/<tmp>/T/pytest-of-<user>/pytest-89/popen-gw7/ibex_soc_build0/generated/clint_basic/Clint.sv /private/var/folders/<tmp>/T/pytest-of-<user>/pytest-89/popen-gw7/ibex_soc_build0/generated/clint_basic/ClintLogic.sv /private/var/folders/<tmp>/T/pytest-of-<user>/pytest-89/popen-gw7/ibex_soc_build0/generated/plic_multictx/PlicMultictxPkg.sv /private/var/folders/<tmp>/T/pytest-of-<user>/pytest-89/popen-gw7/ibex_soc_build0/generated/plic_multictx/PlicMultictx.sv /private/var/folders/<tmp>/T/pytest-of-<user>/pytest-89/popen-gw7/ibex_soc_build0/generated/plic_multictx/PlicMultictxLogic.sv /private/var/folders/<tmp>/T/pytest-of-<user>/pytest-89/popen-gw7/ibex_soc_build0/generated/mtrap_ibex/MTrapIbexCsrFilePkg.sv /private/var/folders/<tmp>/T/pytest-of-<user>/pytest-89/popen-gw7/ibex_soc_build0/generated/mtrap_ibex/MTrapIbexCsrAccess.sv /private/var/folders/<tmp>/T/pytest-of-<user>/pytest-89/popen-gw7/ibex_soc_build0/generated/mtrap_ibex/MTrapIbexCsrFile.sv /private/var/folders/<tmp>/T/pytest-of-<user>/pytest-89/popen-gw7/ibex_soc_build0/generated/mtrap_ibex/MTrapIbexCsrTrapCoord.sv ${REPO_ROOT}/soc/obi_to_axi_lite.sv ${REPO_ROOT}/soc/ibex_mini_soc.sv ${REPO_ROOT}/soc/ibex_cs_registers_hybrid.sv ~/github/ibex/shared/rtl/ram_2p.sv ~/github/ibex/shared/rtl/sim/simulator_ctrl.sv ${REPO_ROOT}/build/ibex_core_shared_pkg.sv ${REPO_ROOT}/build/fb_age_arb.sv ${REPO_ROOT}/build/ibex_alu.sv ${REPO_ROOT}/build/ibex_compressed_decoder.sv ${REPO_ROOT}/build/ibex_controller.sv ${REPO_ROOT}/build/ibex_core.sv ${REPO_ROOT}/build/ibex_counter.sv ${REPO_ROOT}/build/ibex_decoder.sv ${REPO_ROOT}/build/ibex_ex_block.sv ${REPO_ROOT}/build/ibex_fetch_fifo.sv ${REPO_ROOT}/build/ibex_icache.sv ${REPO_ROOT}/build/ibex_icache_output_stage.sv ${REPO_ROOT}/build/ibex_id_stage.sv ${REPO_ROOT}/build/ibex_if_stage.sv ${REPO_ROOT}/build/ibex_load_store_unit.sv ${REPO_ROOT}/build/ibex_multdiv_fast.sv ${REPO_ROOT}/build/ibex_pmp.sv ${REPO_ROOT}/build/ibex_prefetch_buffer.sv ${REPO_ROOT}/build/ibex_register_file_ff.sv ${REPO_ROOT}/build/ibex_top.sv ${REPO_ROOT}/build/ibex_wb_stage.sv ${REPO_ROOT}/build/inval_ctrl.sv ${REPO_ROOT}/build/ram_port_arb.sv
E           STDERR:
E           %Warning-SYNCASYNCNET: ${REPO_ROOT}/soc/ibex_mini_soc.sv:67:16: Signal flopped as both synchronous and async: 'IO_RST_N'
E                                  ${REPO_ROOT}/soc/ibex_mini_soc.sv:67:16: ... Location of async usage
E              67 |   input  logic IO_RST_N,
E                 |                ^~~~~~~~
E                                  ${REPO_ROOT}/soc/ibex_mini_soc.sv:67:16: ... Location of sync usage
E              67 |   input  logic IO_RST_N,
E                 |                ^~~~~~~~
E                                  ... For warning description see https://verilator.org/warn/SYNCASYNCNET?v=5.048
E                                  ... Use "/* verilator lint_off SYNCASYNCNET */" and lint_on around source to disable this message.
E           %Error: Exiting due to 1 warning(s)
E           
E           STDOUT:

tests/test_soc_lint.py:59: Failed</failure></testcase><testcase classname="tests.test_arch_tests" name="test_arch_test_on_swap[I/lhu-align-01]" time="0.423" /><testcase classname="tests.test_arch_tests" name="test_arch_test_on_swap[I/lui-01]" time="0.310" /><testcase classname="tests.test_arch_tests" name="test_arch_test_on_swap[I/lw-align-01]" time="0.301" /><testcase classname="tests.test_arch_tests" name="test_arch_test_on_swap[I/misalign1-jalr-01]" time="0.362" /><testcase classname="tests.test_wb_stage_unit_full" name="test_wb_stage_unit_full" time="5.911" /><testcase classname="tests.test_arch_tests" name="test_arch_test_on_swap[I/or-01]" time="0.344" /><testcase classname="tests.test_arch_tests" name="test_arch_test_on_swap[I/ori-01]" time="0.281" /><testcase classname="tests.test_arch_tests" name="test_arch_test_on_swap[I/sb-align-01]" time="0.239" /><testcase classname="tests.test_ibex_top_unit" name="test_ibex_top_unit" time="8.412" /><testcase classname="tests.test_arch_tests" name="test_arch_test_on_swap[I/sh-align-01]" time="0.216" /><testcase classname="tests.test_arch_tests" name="test_arch_test_on_swap[I/sll-01]" time="0.262" /><testcase classname="tests.test_arch_tests" name="test_arch_test_on_swap[I/slli-01]" time="0.283" /><testcase classname="tests.test_arch_tests" name="test_arch_test_on_swap[I/slt-01]" time="0.283" /><testcase classname="tests.test_arch_tests" name="test_arch_test_on_swap[I/slti-01]" time="0.301" /><testcase classname="tests.test_arch_tests" name="test_arch_test_on_swap[I/sltiu-01]" time="0.280" /><testcase classname="tests.test_arch_tests" name="test_arch_test_on_swap[I/sltu-01]" time="0.231" /><testcase classname="tests.test_arch_tests" name="test_arch_test_on_swap[I/sra-01]" time="0.210" /><testcase classname="tests.test_archsim_units" name="test_archsim_unit[IbexCompressedDecoder]" time="3.061"><properties><property name="archsim_wall_seconds" value="3.060" /><property name="archsim_module" value="IbexCompressedDecoder" /></properties></testcase><testcase classname="tests.test_register_file_ff_unit" name="test_ibex_register_file_ff_unit" time="2.234" /><testcase classname="tests.test_arch_tests" name="test_arch_test_on_swap[I/srai-01]" time="0.193" /><testcase classname="tests.test_arch_tests" name="test_arch_test_on_swap[I/srl-01]" time="0.207" /><testcase classname="tests.test_arch_tests" name="test_arch_test_on_swap[I/srli-01]" time="0.192" /><testcase classname="tests.test_arch_tests" name="test_arch_test_on_swap[I/sub-01]" time="0.189" /><testcase classname="tests.test_arch_tests" name="test_arch_test_on_swap[I/sw-align-01]" time="0.184" /><testcase classname="tests.test_arch_tests" name="test_arch_test_on_swap[I/xor-01]" time="0.186" /><testcase classname="tests.test_arch_tests" name="test_arch_test_on_swap[I/xori-01]" time="0.190" /><testcase classname="tests.test_arch_tests" name="test_arch_test_on_swap[M/div-01]" time="0.185" /><testcase classname="tests.test_arch_tests" name="test_arch_test_on_swap[M/divu-01]" time="0.193" /><testcase classname="tests.test_arch_tests" name="test_arch_test_on_swap[M/mul-01]" time="0.187" /><testcase classname="tests.test_arch_tests" name="test_arch_test_on_swap[M/mulh-01]" time="0.183" /><testcase classname="tests.test_arch_tests" name="test_arch_test_on_swap[M/mulhsu-01]" time="0.183" /><testcase classname="tests.test_arch_tests" name="test_arch_test_on_swap[M/mulhu-01]" time="0.188" /><testcase classname="tests.test_arch_tests" name="test_arch_test_on_swap[M/rem-01]" time="0.181" /><testcase classname="tests.test_arch_tests" name="test_arch_test_on_swap[M/remu-01]" time="0.179" /><testcase classname="tests.test_arch_tests" name="test_arch_test_on_swap[C/cadd-01]" time="0.182" /><testcase classname="tests.test_archsim_units" name="test_archsim_unit[IbexMultdivFast]" time="5.362"><properties><property name="archsim_wall_seconds" value="5.361" /><property name="archsim_module" value="IbexMultdivFast" /></properties></testcase><testcase classname="tests.test_arch_tests" name="test_arch_test_on_swap[C/caddi-01]" time="0.181" /><testcase classname="tests.test_arch_tests" name="test_arch_test_on_swap[C/caddi16sp-01]" time="0.181" /><testcase classname="tests.test_arch_tests" name="test_arch_test_on_swap[C/caddi4spn-01]" time="0.180" /><testcase classname="tests.test_arch_tests" name="test_arch_test_on_swap[C/cand-01]" time="0.186" /><testcase classname="tests.test_arch_tests" name="test_arch_test_on_swap[C/candi-01]" time="0.183" /><testcase classname="tests.test_arch_tests" name="test_arch_test_on_swap[C/cbeqz-01]" time="0.182" /><testcase classname="tests.test_arch_tests" name="test_arch_test_on_swap[C/cbnez-01]" time="0.183" /><testcase classname="tests.test_arch_tests" name="test_arch_test_on_swap[C/cebreak-01]" time="0.181" /><testcase classname="tests.test_arch_tests" name="test_arch_test_on_swap[C/cj-01]" time="0.182" /><testcase classname="tests.test_arch_tests" name="test_arch_test_on_swap[C/cjal-01]" time="0.180" /><testcase classname="tests.test_arch_tests" name="test_arch_test_on_swap[C/cjalr-01]" time="0.187" /><testcase classname="tests.test_arch_tests" name="test_arch_test_on_swap[C/cjr-01]" time="0.180" /><testcase classname="tests.test_arch_tests" name="test_arch_test_on_swap[C/cli-01]" time="0.180" /><testcase classname="tests.test_arch_tests" name="test_arch_test_on_swap[C/clui-01]" time="0.180" /><testcase classname="tests.test_arch_tests" name="test_arch_test_on_swap[C/clw-01]" time="0.180" /><testcase classname="tests.test_arch_tests" name="test_arch_test_on_swap[C/clwsp-01]" time="0.179" /><testcase classname="tests.test_arch_tests" name="test_arch_test_on_swap[C/cmv-01]" time="0.183" /><testcase classname="tests.test_arch_tests" name="test_arch_test_on_swap[C/cnop-01]" time="0.180" /><testcase classname="tests.test_arch_tests" name="test_arch_test_on_swap[C/cor-01]" time="0.186" /><testcase classname="tests.test_arch_tests" name="test_arch_test_on_swap[C/cslli-01]" time="0.182" /><testcase classname="tests.test_arch_tests" name="test_arch_test_on_swap[C/csrai-01]" time="0.181" /><testcase classname="tests.test_arch_tests" name="test_arch_test_on_swap[C/csrli-01]" time="0.182" /><testcase classname="tests.test_arch_tests" name="test_arch_test_on_swap[C/csub-01]" time="0.183" /><testcase classname="tests.test_arch_tests" name="test_arch_test_on_swap[C/csw-01]" time="0.182" /><testcase classname="tests.test_arch_tests" name="test_arch_test_on_swap[C/cswsp-01]" time="0.181" /><testcase classname="tests.test_arch_tests" name="test_arch_test_on_swap[C/cxor-01]" time="0.184" /></testsuite></testsuites>